{"/Users/JimBarrows/projects.nosync/SavageWorldsVirtualTableTop/ui-web/src/App.js": {"path":"/Users/JimBarrows/projects.nosync/SavageWorldsVirtualTableTop/ui-web/src/App.js","statementMap":{"0":{"start":{"line":25,"column":20},"end":{"line":29,"column":2}},"1":{"start":{"line":32,"column":23},"end":{"line":44,"column":1}},"2":{"start":{"line":33,"column":39},"end":{"line":33,"column":48}},"3":{"start":{"line":35,"column":2},"end":{"line":37,"column":3}},"4":{"start":{"line":36,"column":4},"end":{"line":36,"column":33}},"5":{"start":{"line":39,"column":2},"end":{"line":41,"column":3}},"6":{"start":{"line":40,"column":4},"end":{"line":40,"column":44}},"7":{"start":{"line":43,"column":2},"end":{"line":43,"column":18}},"8":{"start":{"line":46,"column":0},"end":{"line":48,"column":2}},"9":{"start":{"line":51,"column":14},"end":{"line":172,"column":1}},"10":{"start":{"line":52,"column":27},"end":{"line":52,"column":36}},"11":{"start":{"line":53,"column":19},"end":{"line":53,"column":32}},"12":{"start":{"line":54,"column":19},"end":{"line":54,"column":32}},"13":{"start":{"line":55,"column":40},"end":{"line":55,"column":83}},"14":{"start":{"line":56,"column":38},"end":{"line":56,"column":59}},"15":{"start":{"line":57,"column":36},"end":{"line":57,"column":57}},"16":{"start":{"line":58,"column":44},"end":{"line":58,"column":64}},"17":{"start":{"line":61,"column":2},"end":{"line":73,"column":23}},"18":{"start":{"line":62,"column":4},"end":{"line":72,"column":5}},"19":{"start":{"line":63,"column":6},"end":{"line":66,"column":9}},"20":{"start":{"line":68,"column":20},"end":{"line":70,"column":14}},"21":{"start":{"line":69,"column":8},"end":{"line":69,"column":31}},"22":{"start":{"line":71,"column":6},"end":{"line":71,"column":39}},"23":{"start":{"line":71,"column":19},"end":{"line":71,"column":38}},"24":{"start":{"line":75,"column":23},"end":{"line":97,"column":3}},"25":{"start":{"line":76,"column":4},"end":{"line":76,"column":23}},"26":{"start":{"line":77,"column":4},"end":{"line":77,"column":23}},"27":{"start":{"line":78,"column":4},"end":{"line":96,"column":5}},"28":{"start":{"line":80,"column":24},"end":{"line":84,"column":7}},"29":{"start":{"line":85,"column":6},"end":{"line":85,"column":100}},"30":{"start":{"line":86,"column":21},"end":{"line":86,"column":43}},"31":{"start":{"line":87,"column":6},"end":{"line":91,"column":7}},"32":{"start":{"line":90,"column":8},"end":{"line":90,"column":22}},"33":{"start":{"line":93,"column":6},"end":{"line":93,"column":41}},"34":{"start":{"line":95,"column":6},"end":{"line":95,"column":26}},"35":{"start":{"line":99,"column":2},"end":{"line":171,"column":4}},"36":{"start":{"line":132,"column":37},"end":{"line":132,"column":94}},"37":{"start":{"line":143,"column":37},"end":{"line":143,"column":97}},"38":{"start":{"line":176,"column":30},"end":{"line":176,"column":39}},"39":{"start":{"line":178,"column":2},"end":{"line":240,"column":4}},"40":{"start":{"line":245,"column":39},"end":{"line":245,"column":48}},"41":{"start":{"line":247,"column":2},"end":{"line":249,"column":3}},"42":{"start":{"line":248,"column":4},"end":{"line":248,"column":33}},"43":{"start":{"line":251,"column":2},"end":{"line":253,"column":3}},"44":{"start":{"line":252,"column":4},"end":{"line":252,"column":50}},"45":{"start":{"line":255,"column":2},"end":{"line":255,"column":27}},"46":{"start":{"line":259,"column":2},"end":{"line":268,"column":4}}},"fnMap":{"0":{"name":"(anonymous_0)","decl":{"start":{"line":32,"column":23},"end":{"line":32,"column":24}},"loc":{"start":{"line":32,"column":41},"end":{"line":44,"column":1}},"line":32},"1":{"name":"(anonymous_1)","decl":{"start":{"line":51,"column":14},"end":{"line":51,"column":15}},"loc":{"start":{"line":51,"column":20},"end":{"line":172,"column":1}},"line":51},"2":{"name":"(anonymous_2)","decl":{"start":{"line":61,"column":18},"end":{"line":61,"column":19}},"loc":{"start":{"line":61,"column":24},"end":{"line":73,"column":3}},"line":61},"3":{"name":"(anonymous_3)","decl":{"start":{"line":68,"column":31},"end":{"line":68,"column":32}},"loc":{"start":{"line":68,"column":37},"end":{"line":70,"column":7}},"line":68},"4":{"name":"(anonymous_4)","decl":{"start":{"line":71,"column":13},"end":{"line":71,"column":14}},"loc":{"start":{"line":71,"column":19},"end":{"line":71,"column":38}},"line":71},"5":{"name":"(anonymous_5)","decl":{"start":{"line":75,"column":23},"end":{"line":75,"column":24}},"loc":{"start":{"line":75,"column":36},"end":{"line":97,"column":3}},"line":75},"6":{"name":"(anonymous_6)","decl":{"start":{"line":132,"column":30},"end":{"line":132,"column":31}},"loc":{"start":{"line":132,"column":37},"end":{"line":132,"column":94}},"line":132},"7":{"name":"(anonymous_7)","decl":{"start":{"line":143,"column":30},"end":{"line":143,"column":31}},"loc":{"start":{"line":143,"column":37},"end":{"line":143,"column":97}},"line":143},"8":{"name":"AppContent","decl":{"start":{"line":175,"column":9},"end":{"line":175,"column":19}},"loc":{"start":{"line":175,"column":22},"end":{"line":241,"column":1}},"line":175},"9":{"name":"HomeRoute","decl":{"start":{"line":244,"column":9},"end":{"line":244,"column":18}},"loc":{"start":{"line":244,"column":21},"end":{"line":256,"column":1}},"line":244},"10":{"name":"App","decl":{"start":{"line":258,"column":24},"end":{"line":258,"column":27}},"loc":{"start":{"line":258,"column":30},"end":{"line":269,"column":1}},"line":258}},"branchMap":{"0":{"loc":{"start":{"line":35,"column":2},"end":{"line":37,"column":3}},"type":"if","locations":[{"start":{"line":35,"column":2},"end":{"line":37,"column":3}},{"start":{},"end":{}}],"line":35},"1":{"loc":{"start":{"line":39,"column":2},"end":{"line":41,"column":3}},"type":"if","locations":[{"start":{"line":39,"column":2},"end":{"line":41,"column":3}},{"start":{},"end":{}}],"line":39},"2":{"loc":{"start":{"line":62,"column":4},"end":{"line":72,"column":5}},"type":"if","locations":[{"start":{"line":62,"column":4},"end":{"line":72,"column":5}},{"start":{},"end":{}}],"line":62},"3":{"loc":{"start":{"line":65,"column":14},"end":{"line":65,"column":43}},"type":"binary-expr","locations":[{"start":{"line":65,"column":14},"end":{"line":65,"column":33}},{"start":{"line":65,"column":37},"end":{"line":65,"column":43}}],"line":65},"4":{"loc":{"start":{"line":87,"column":6},"end":{"line":91,"column":7}},"type":"if","locations":[{"start":{"line":87,"column":6},"end":{"line":91,"column":7}},{"start":{},"end":{}}],"line":87},"5":{"loc":{"start":{"line":110,"column":15},"end":{"line":118,"column":15}},"type":"binary-expr","locations":[{"start":{"line":110,"column":15},"end":{"line":110,"column":28}},{"start":{"line":111,"column":16},"end":{"line":117,"column":22}}],"line":110},"6":{"loc":{"start":{"line":112,"column":44},"end":{"line":112,"column":97}},"type":"cond-expr","locations":[{"start":{"line":112,"column":79},"end":{"line":112,"column":88}},{"start":{"line":112,"column":91},"end":{"line":112,"column":97}}],"line":112},"7":{"loc":{"start":{"line":119,"column":15},"end":{"line":123,"column":15}},"type":"binary-expr","locations":[{"start":{"line":119,"column":15},"end":{"line":119,"column":20}},{"start":{"line":120,"column":16},"end":{"line":122,"column":22}}],"line":119},"8":{"loc":{"start":{"line":154,"column":19},"end":{"line":154,"column":56}},"type":"cond-expr","locations":[{"start":{"line":154,"column":31},"end":{"line":154,"column":46}},{"start":{"line":154,"column":49},"end":{"line":154,"column":56}}],"line":154},"9":{"loc":{"start":{"line":181,"column":9},"end":{"line":181,"column":49}},"type":"binary-expr","locations":[{"start":{"line":181,"column":9},"end":{"line":181,"column":24}},{"start":{"line":181,"column":28},"end":{"line":181,"column":49}}],"line":181},"10":{"loc":{"start":{"line":247,"column":2},"end":{"line":249,"column":3}},"type":"if","locations":[{"start":{"line":247,"column":2},"end":{"line":249,"column":3}},{"start":{},"end":{}}],"line":247},"11":{"loc":{"start":{"line":251,"column":2},"end":{"line":253,"column":3}},"type":"if","locations":[{"start":{"line":251,"column":2},"end":{"line":253,"column":3}},{"start":{},"end":{}}],"line":251}},"s":{"0":0,"1":0,"2":0,"3":0,"4":0,"5":0,"6":0,"7":0,"8":0,"9":0,"10":0,"11":0,"12":0,"13":0,"14":0,"15":0,"16":0,"17":0,"18":0,"19":0,"20":0,"21":0,"22":0,"23":0,"24":0,"25":0,"26":0,"27":0,"28":0,"29":0,"30":0,"31":0,"32":0,"33":0,"34":0,"35":0,"36":0,"37":0,"38":0,"39":0,"40":0,"41":0,"42":0,"43":0,"44":0,"45":0,"46":0},"f":{"0":0,"1":0,"2":0,"3":0,"4":0,"5":0,"6":0,"7":0,"8":0,"9":0,"10":0},"b":{"0":[0,0],"1":[0,0],"2":[0,0],"3":[0,0],"4":[0,0],"5":[0,0],"6":[0,0],"7":[0,0],"8":[0,0],"9":[0,0],"10":[0,0],"11":[0,0]}}
,"/Users/JimBarrows/projects.nosync/SavageWorldsVirtualTableTop/ui-web/src/config.js": {"path":"/Users/JimBarrows/projects.nosync/SavageWorldsVirtualTableTop/ui-web/src/config.js","statementMap":{"0":{"start":{"line":1,"column":15},"end":{"line":12,"column":1}}},"fnMap":{},"branchMap":{"0":{"loc":{"start":{"line":3,"column":13},"end":{"line":3,"column":55}},"type":"binary-expr","locations":[{"start":{"line":3,"column":13},"end":{"line":3,"column":42}},{"start":{"line":3,"column":46},"end":{"line":3,"column":55}}],"line":3}},"s":{"0":0},"f":{},"b":{"0":[0,0]}}
,"/Users/JimBarrows/projects.nosync/SavageWorldsVirtualTableTop/ui-web/src/index.js": {"path":"/Users/JimBarrows/projects.nosync/SavageWorldsVirtualTableTop/ui-web/src/index.js","statementMap":{"0":{"start":{"line":11,"column":0},"end":{"line":18,"column":1}},"1":{"start":{"line":20,"column":18},"end":{"line":20,"column":49}},"2":{"start":{"line":21,"column":13},"end":{"line":21,"column":34}},"3":{"start":{"line":23,"column":0},"end":{"line":25,"column":1}},"4":{"start":{"line":27,"column":0},"end":{"line":27,"column":23}}},"fnMap":{},"branchMap":{},"s":{"0":0,"1":0,"2":0,"3":0,"4":0},"f":{},"b":{}}
,"/Users/JimBarrows/projects.nosync/SavageWorldsVirtualTableTop/ui-web/src/registerServiceWorker.js": {"path":"/Users/JimBarrows/projects.nosync/SavageWorldsVirtualTableTop/ui-web/src/registerServiceWorker.js","statementMap":{"0":{"start":{"line":11,"column":20},"end":{"line":19,"column":1}},"1":{"start":{"line":22,"column":2},"end":{"line":52,"column":3}},"2":{"start":{"line":24,"column":21},"end":{"line":24,"column":69}},"3":{"start":{"line":25,"column":4},"end":{"line":30,"column":5}},"4":{"start":{"line":29,"column":6},"end":{"line":29,"column":12}},"5":{"start":{"line":32,"column":4},"end":{"line":51,"column":6}},"6":{"start":{"line":33,"column":19},"end":{"line":33,"column":64}},"7":{"start":{"line":35,"column":6},"end":{"line":50,"column":7}},"8":{"start":{"line":37,"column":7},"end":{"line":37,"column":38}},"9":{"start":{"line":41,"column":8},"end":{"line":46,"column":10}},"10":{"start":{"line":42,"column":10},"end":{"line":45,"column":11}},"11":{"start":{"line":49,"column":8},"end":{"line":49,"column":30}},"12":{"start":{"line":56,"column":2},"end":{"line":81,"column":4}},"13":{"start":{"line":59,"column":4},"end":{"line":77,"column":5}},"14":{"start":{"line":60,"column":38},"end":{"line":60,"column":61}},"15":{"start":{"line":61,"column":6},"end":{"line":76,"column":7}},"16":{"start":{"line":62,"column":8},"end":{"line":75,"column":9}},"17":{"start":{"line":63,"column":10},"end":{"line":74,"column":11}},"18":{"start":{"line":68,"column":12},"end":{"line":68,"column":68}},"19":{"start":{"line":73,"column":12},"end":{"line":73,"column":61}},"20":{"start":{"line":80,"column":4},"end":{"line":80,"column":69}},"21":{"start":{"line":86,"column":2},"end":{"line":108,"column":4}},"22":{"start":{"line":89,"column":4},"end":{"line":102,"column":5}},"23":{"start":{"line":94,"column":6},"end":{"line":98,"column":8}},"24":{"start":{"line":95,"column":8},"end":{"line":97,"column":10}},"25":{"start":{"line":96,"column":10},"end":{"line":96,"column":34}},"26":{"start":{"line":101,"column":6},"end":{"line":101,"column":28}},"27":{"start":{"line":105,"column":4},"end":{"line":107,"column":5}},"28":{"start":{"line":112,"column":2},"end":{"line":116,"column":3}},"29":{"start":{"line":113,"column":4},"end":{"line":115,"column":6}},"30":{"start":{"line":114,"column":6},"end":{"line":114,"column":31}}},"fnMap":{"0":{"name":"register","decl":{"start":{"line":21,"column":24},"end":{"line":21,"column":32}},"loc":{"start":{"line":21,"column":36},"end":{"line":53,"column":1}},"line":21},"1":{"name":"(anonymous_1)","decl":{"start":{"line":32,"column":36},"end":{"line":32,"column":37}},"loc":{"start":{"line":32,"column":42},"end":{"line":51,"column":5}},"line":32},"2":{"name":"(anonymous_2)","decl":{"start":{"line":41,"column":43},"end":{"line":41,"column":44}},"loc":{"start":{"line":41,"column":49},"end":{"line":46,"column":9}},"line":41},"3":{"name":"registerValidSW","decl":{"start":{"line":55,"column":9},"end":{"line":55,"column":24}},"loc":{"start":{"line":55,"column":33},"end":{"line":82,"column":1}},"line":55},"4":{"name":"(anonymous_4)","decl":{"start":{"line":58,"column":8},"end":{"line":58,"column":9}},"loc":{"start":{"line":58,"column":24},"end":{"line":78,"column":3}},"line":58},"5":{"name":"(anonymous_5)","decl":{"start":{"line":59,"column":33},"end":{"line":59,"column":34}},"loc":{"start":{"line":59,"column":39},"end":{"line":77,"column":5}},"line":59},"6":{"name":"(anonymous_6)","decl":{"start":{"line":61,"column":39},"end":{"line":61,"column":40}},"loc":{"start":{"line":61,"column":45},"end":{"line":76,"column":7}},"line":61},"7":{"name":"(anonymous_7)","decl":{"start":{"line":79,"column":9},"end":{"line":79,"column":10}},"loc":{"start":{"line":79,"column":18},"end":{"line":81,"column":3}},"line":79},"8":{"name":"checkValidServiceWorker","decl":{"start":{"line":84,"column":9},"end":{"line":84,"column":32}},"loc":{"start":{"line":84,"column":41},"end":{"line":109,"column":1}},"line":84},"9":{"name":"(anonymous_9)","decl":{"start":{"line":87,"column":8},"end":{"line":87,"column":9}},"loc":{"start":{"line":87,"column":20},"end":{"line":103,"column":3}},"line":87},"10":{"name":"(anonymous_10)","decl":{"start":{"line":94,"column":41},"end":{"line":94,"column":42}},"loc":{"start":{"line":94,"column":57},"end":{"line":98,"column":7}},"line":94},"11":{"name":"(anonymous_11)","decl":{"start":{"line":95,"column":39},"end":{"line":95,"column":40}},"loc":{"start":{"line":95,"column":45},"end":{"line":97,"column":9}},"line":95},"12":{"name":"(anonymous_12)","decl":{"start":{"line":104,"column":9},"end":{"line":104,"column":10}},"loc":{"start":{"line":104,"column":15},"end":{"line":108,"column":3}},"line":104},"13":{"name":"unregister","decl":{"start":{"line":111,"column":16},"end":{"line":111,"column":26}},"loc":{"start":{"line":111,"column":30},"end":{"line":117,"column":1}},"line":111},"14":{"name":"(anonymous_14)","decl":{"start":{"line":113,"column":39},"end":{"line":113,"column":40}},"loc":{"start":{"line":113,"column":55},"end":{"line":115,"column":5}},"line":113}},"branchMap":{"0":{"loc":{"start":{"line":12,"column":2},"end":{"line":18,"column":3}},"type":"binary-expr","locations":[{"start":{"line":12,"column":2},"end":{"line":12,"column":42}},{"start":{"line":14,"column":2},"end":{"line":14,"column":38}},{"start":{"line":16,"column":2},"end":{"line":18,"column":3}}],"line":12},"1":{"loc":{"start":{"line":22,"column":2},"end":{"line":52,"column":3}},"type":"if","locations":[{"start":{"line":22,"column":2},"end":{"line":52,"column":3}},{"start":{},"end":{}}],"line":22},"2":{"loc":{"start":{"line":22,"column":6},"end":{"line":22,"column":75}},"type":"binary-expr","locations":[{"start":{"line":22,"column":6},"end":{"line":22,"column":43}},{"start":{"line":22,"column":47},"end":{"line":22,"column":75}}],"line":22},"3":{"loc":{"start":{"line":25,"column":4},"end":{"line":30,"column":5}},"type":"if","locations":[{"start":{"line":25,"column":4},"end":{"line":30,"column":5}},{"start":{},"end":{}}],"line":25},"4":{"loc":{"start":{"line":35,"column":6},"end":{"line":50,"column":7}},"type":"if","locations":[{"start":{"line":35,"column":6},"end":{"line":50,"column":7}},{"start":{"line":47,"column":13},"end":{"line":50,"column":7}}],"line":35},"5":{"loc":{"start":{"line":62,"column":8},"end":{"line":75,"column":9}},"type":"if","locations":[{"start":{"line":62,"column":8},"end":{"line":75,"column":9}},{"start":{},"end":{}}],"line":62},"6":{"loc":{"start":{"line":63,"column":10},"end":{"line":74,"column":11}},"type":"if","locations":[{"start":{"line":63,"column":10},"end":{"line":74,"column":11}},{"start":{"line":69,"column":17},"end":{"line":74,"column":11}}],"line":63},"7":{"loc":{"start":{"line":89,"column":4},"end":{"line":102,"column":5}},"type":"if","locations":[{"start":{"line":89,"column":4},"end":{"line":102,"column":5}},{"start":{"line":99,"column":11},"end":{"line":102,"column":5}}],"line":89},"8":{"loc":{"start":{"line":90,"column":6},"end":{"line":91,"column":71}},"type":"binary-expr","locations":[{"start":{"line":90,"column":6},"end":{"line":90,"column":29}},{"start":{"line":91,"column":6},"end":{"line":91,"column":71}}],"line":90},"9":{"loc":{"start":{"line":112,"column":2},"end":{"line":116,"column":3}},"type":"if","locations":[{"start":{"line":112,"column":2},"end":{"line":116,"column":3}},{"start":{},"end":{}}],"line":112}},"s":{"0":0,"1":0,"2":0,"3":0,"4":0,"5":0,"6":0,"7":0,"8":0,"9":0,"10":0,"11":0,"12":0,"13":0,"14":0,"15":0,"16":0,"17":0,"18":0,"19":0,"20":0,"21":0,"22":0,"23":0,"24":0,"25":0,"26":0,"27":0,"28":0,"29":0,"30":0},"f":{"0":0,"1":0,"2":0,"3":0,"4":0,"5":0,"6":0,"7":0,"8":0,"9":0,"10":0,"11":0,"12":0,"13":0,"14":0},"b":{"0":[0,0,0],"1":[0,0],"2":[0,0],"3":[0,0],"4":[0,0],"5":[0,0],"6":[0,0],"7":[0,0],"8":[0,0],"9":[0,0]}}
,"/Users/JimBarrows/projects.nosync/SavageWorldsVirtualTableTop/ui-web/src/components/AttributeComponent.jsx": {"path":"/Users/JimBarrows/projects.nosync/SavageWorldsVirtualTableTop/ui-web/src/components/AttributeComponent.jsx","statementMap":{"0":{"start":{"line":8,"column":23},"end":{"line":13,"column":2}},"1":{"start":{"line":15,"column":20},"end":{"line":28,"column":2}},"2":{"start":{"line":30,"column":14},"end":{"line":36,"column":2}},"3":{"start":{"line":31,"column":2},"end":{"line":35,"column":3}},"4":{"start":{"line":32,"column":3},"end":{"line":32,"column":93}},"5":{"start":{"line":34,"column":3},"end":{"line":34,"column":96}},"6":{"start":{"line":38,"column":15},"end":{"line":38,"column":115}},"7":{"start":{"line":38,"column":20},"end":{"line":38,"column":115}},"8":{"start":{"line":41,"column":73},"end":{"line":41,"column":83}},"9":{"start":{"line":42,"column":73},"end":{"line":42,"column":75}},"10":{"start":{"line":43,"column":73},"end":{"line":43,"column":99}},"11":{"start":{"line":45,"column":2},"end":{"line":49,"column":3}},"12":{"start":{"line":46,"column":3},"end":{"line":48,"column":93}},"13":{"start":{"line":51,"column":2},"end":{"line":60,"column":3}}},"fnMap":{"0":{"name":"(anonymous_0)","decl":{"start":{"line":30,"column":14},"end":{"line":30,"column":15}},"loc":{"start":{"line":30,"column":19},"end":{"line":36,"column":2}},"line":30},"1":{"name":"(anonymous_1)","decl":{"start":{"line":38,"column":15},"end":{"line":38,"column":16}},"loc":{"start":{"line":38,"column":20},"end":{"line":38,"column":115}},"line":38},"2":{"name":"(anonymous_2)","decl":{"start":{"line":40,"column":1},"end":{"line":40,"column":2}},"loc":{"start":{"line":40,"column":10},"end":{"line":61,"column":2}},"line":40}},"branchMap":{"0":{"loc":{"start":{"line":31,"column":2},"end":{"line":35,"column":3}},"type":"if","locations":[{"start":{"line":31,"column":2},"end":{"line":35,"column":3}},{"start":{"line":33,"column":9},"end":{"line":35,"column":3}}],"line":31},"1":{"loc":{"start":{"line":41,"column":15},"end":{"line":41,"column":29}},"type":"default-arg","locations":[{"start":{"line":41,"column":27},"end":{"line":41,"column":29}}],"line":41},"2":{"loc":{"start":{"line":45,"column":2},"end":{"line":49,"column":3}},"type":"if","locations":[{"start":{"line":45,"column":2},"end":{"line":49,"column":3}},{"start":{},"end":{}}],"line":45},"3":{"loc":{"start":{"line":48,"column":73},"end":{"line":48,"column":89}},"type":"binary-expr","locations":[{"start":{"line":48,"column":73},"end":{"line":48,"column":84}},{"start":{"line":48,"column":88},"end":{"line":48,"column":89}}],"line":48}},"s":{"0":0,"1":0,"2":0,"3":0,"4":0,"5":0,"6":0,"7":0,"8":0,"9":0,"10":0,"11":0,"12":0,"13":0},"f":{"0":0,"1":0,"2":0},"b":{"0":[0,0],"1":[0],"2":[0,0],"3":[0,0]}}
,"/Users/JimBarrows/projects.nosync/SavageWorldsVirtualTableTop/ui-web/src/components/BaseEditor.jsx": {"path":"/Users/JimBarrows/projects.nosync/SavageWorldsVirtualTableTop/ui-web/src/components/BaseEditor.jsx","statementMap":{"0":{"start":{"line":7,"column":21},"end":{"line":11,"column":3}},"1":{"start":{"line":13,"column":24},"end":{"line":13,"column":26}},"2":{"start":{"line":16,"column":4},"end":{"line":26,"column":12}}},"fnMap":{"0":{"name":"(anonymous_0)","decl":{"start":{"line":15,"column":2},"end":{"line":15,"column":3}},"loc":{"start":{"line":15,"column":11},"end":{"line":28,"column":3}},"line":15}},"branchMap":{},"s":{"0":0,"1":0,"2":0},"f":{"0":0},"b":{}}
,"/Users/JimBarrows/projects.nosync/SavageWorldsVirtualTableTop/ui-web/src/components/BrandingBanner.js": {"path":"/Users/JimBarrows/projects.nosync/SavageWorldsVirtualTableTop/ui-web/src/components/BrandingBanner.js","statementMap":{"0":{"start":{"line":7,"column":21},"end":{"line":12,"column":3}},"1":{"start":{"line":14,"column":24},"end":{"line":19,"column":3}},"2":{"start":{"line":22,"column":49},"end":{"line":22,"column":59}},"3":{"start":{"line":24,"column":26},"end":{"line":32,"column":31}},"4":{"start":{"line":34,"column":4},"end":{"line":59,"column":6}}},"fnMap":{"0":{"name":"(anonymous_0)","decl":{"start":{"line":21,"column":2},"end":{"line":21,"column":3}},"loc":{"start":{"line":21,"column":11},"end":{"line":60,"column":3}},"line":21}},"branchMap":{"0":{"loc":{"start":{"line":30,"column":6},"end":{"line":30,"column":30}},"type":"cond-expr","locations":[{"start":{"line":30,"column":16},"end":{"line":30,"column":25}},{"start":{"line":30,"column":28},"end":{"line":30,"column":30}}],"line":30},"1":{"loc":{"start":{"line":42,"column":11},"end":{"line":48,"column":11}},"type":"binary-expr","locations":[{"start":{"line":42,"column":11},"end":{"line":42,"column":19}},{"start":{"line":43,"column":12},"end":{"line":47,"column":14}}],"line":42},"2":{"loc":{"start":{"line":51,"column":13},"end":{"line":55,"column":13}},"type":"binary-expr","locations":[{"start":{"line":51,"column":13},"end":{"line":51,"column":21}},{"start":{"line":52,"column":14},"end":{"line":54,"column":18}}],"line":51}},"s":{"0":0,"1":0,"2":0,"3":0,"4":0},"f":{"0":0},"b":{"0":[0,0],"1":[0,0],"2":[0,0]}}
,"/Users/JimBarrows/projects.nosync/SavageWorldsVirtualTableTop/ui-web/src/components/DiceSelect.jsx": {"path":"/Users/JimBarrows/projects.nosync/SavageWorldsVirtualTableTop/ui-web/src/components/DiceSelect.jsx","statementMap":{"0":{"start":{"line":7,"column":23},"end":{"line":11,"column":2}},"1":{"start":{"line":13,"column":20},"end":{"line":20,"column":2}},"2":{"start":{"line":22,"column":11},"end":{"line":28,"column":2}},"3":{"start":{"line":31,"column":50},"end":{"line":31,"column":60}},"4":{"start":{"line":32,"column":2},"end":{"line":35,"column":3}}},"fnMap":{"0":{"name":"(anonymous_0)","decl":{"start":{"line":30,"column":1},"end":{"line":30,"column":2}},"loc":{"start":{"line":30,"column":11},"end":{"line":36,"column":2}},"line":30}},"branchMap":{},"s":{"0":0,"1":0,"2":0,"3":0,"4":0},"f":{"0":0},"b":{}}
,"/Users/JimBarrows/projects.nosync/SavageWorldsVirtualTableTop/ui-web/src/components/EditorList.jsx": {"path":"/Users/JimBarrows/projects.nosync/SavageWorldsVirtualTableTop/ui-web/src/components/EditorList.jsx","statementMap":{"0":{"start":{"line":7,"column":20},"end":{"line":15,"column":2}},"1":{"start":{"line":17,"column":23},"end":{"line":19,"column":2}},"2":{"start":{"line":21,"column":7},"end":{"line":26,"column":2}},"3":{"start":{"line":22,"column":2},"end":{"line":22,"column":24}},"4":{"start":{"line":23,"column":23},"end":{"line":23,"column":62}},"5":{"start":{"line":24,"column":17},"end":{"line":24,"column":53}},"6":{"start":{"line":25,"column":2},"end":{"line":25,"column":31}},"7":{"start":{"line":28,"column":16},"end":{"line":28,"column":107}},"8":{"start":{"line":28,"column":33},"end":{"line":28,"column":107}},"9":{"start":{"line":28,"column":83},"end":{"line":28,"column":105}},"10":{"start":{"line":29,"column":16},"end":{"line":29,"column":93}},"11":{"start":{"line":29,"column":27},"end":{"line":29,"column":93}},"12":{"start":{"line":29,"column":80},"end":{"line":29,"column":91}},"13":{"start":{"line":30,"column":16},"end":{"line":38,"column":2}},"14":{"start":{"line":31,"column":2},"end":{"line":37,"column":3}},"15":{"start":{"line":32,"column":3},"end":{"line":32,"column":37}},"16":{"start":{"line":33,"column":9},"end":{"line":37,"column":3}},"17":{"start":{"line":34,"column":3},"end":{"line":34,"column":37}},"18":{"start":{"line":35,"column":9},"end":{"line":37,"column":3}},"19":{"start":{"line":36,"column":3},"end":{"line":36,"column":37}},"20":{"start":{"line":39,"column":16},"end":{"line":54,"column":2}},"21":{"start":{"line":40,"column":2},"end":{"line":53,"column":3}},"22":{"start":{"line":41,"column":3},"end":{"line":41,"column":29}},"23":{"start":{"line":43,"column":3},"end":{"line":52,"column":5}},"24":{"start":{"line":44,"column":4},"end":{"line":51,"column":6}},"25":{"start":{"line":57,"column":2},"end":{"line":61,"column":8}}},"fnMap":{"0":{"name":"(anonymous_0)","decl":{"start":{"line":21,"column":7},"end":{"line":21,"column":8}},"loc":{"start":{"line":21,"column":16},"end":{"line":26,"column":2}},"line":21},"1":{"name":"(anonymous_1)","decl":{"start":{"line":28,"column":16},"end":{"line":28,"column":17}},"loc":{"start":{"line":28,"column":33},"end":{"line":28,"column":107}},"line":28},"2":{"name":"(anonymous_2)","decl":{"start":{"line":28,"column":73},"end":{"line":28,"column":74}},"loc":{"start":{"line":28,"column":83},"end":{"line":28,"column":105}},"line":28},"3":{"name":"(anonymous_3)","decl":{"start":{"line":29,"column":16},"end":{"line":29,"column":17}},"loc":{"start":{"line":29,"column":27},"end":{"line":29,"column":93}},"line":29},"4":{"name":"(anonymous_4)","decl":{"start":{"line":29,"column":70},"end":{"line":29,"column":71}},"loc":{"start":{"line":29,"column":80},"end":{"line":29,"column":91}},"line":29},"5":{"name":"(anonymous_5)","decl":{"start":{"line":30,"column":16},"end":{"line":30,"column":17}},"loc":{"start":{"line":30,"column":22},"end":{"line":38,"column":2}},"line":30},"6":{"name":"(anonymous_6)","decl":{"start":{"line":39,"column":16},"end":{"line":39,"column":17}},"loc":{"start":{"line":39,"column":22},"end":{"line":54,"column":2}},"line":39},"7":{"name":"(anonymous_7)","decl":{"start":{"line":43,"column":30},"end":{"line":43,"column":31}},"loc":{"start":{"line":43,"column":47},"end":{"line":52,"column":4}},"line":43},"8":{"name":"(anonymous_8)","decl":{"start":{"line":56,"column":1},"end":{"line":56,"column":2}},"loc":{"start":{"line":56,"column":10},"end":{"line":62,"column":2}},"line":56}},"branchMap":{"0":{"loc":{"start":{"line":28,"column":83},"end":{"line":28,"column":105}},"type":"cond-expr","locations":[{"start":{"line":28,"column":97},"end":{"line":28,"column":101}},{"start":{"line":28,"column":104},"end":{"line":28,"column":105}}],"line":28},"1":{"loc":{"start":{"line":31,"column":2},"end":{"line":37,"column":3}},"type":"if","locations":[{"start":{"line":31,"column":2},"end":{"line":37,"column":3}},{"start":{"line":33,"column":9},"end":{"line":37,"column":3}}],"line":31},"2":{"loc":{"start":{"line":33,"column":9},"end":{"line":37,"column":3}},"type":"if","locations":[{"start":{"line":33,"column":9},"end":{"line":37,"column":3}},{"start":{"line":35,"column":9},"end":{"line":37,"column":3}}],"line":33},"3":{"loc":{"start":{"line":35,"column":9},"end":{"line":37,"column":3}},"type":"if","locations":[{"start":{"line":35,"column":9},"end":{"line":37,"column":3}},{"start":{},"end":{}}],"line":35},"4":{"loc":{"start":{"line":40,"column":2},"end":{"line":53,"column":3}},"type":"if","locations":[{"start":{"line":40,"column":2},"end":{"line":53,"column":3}},{"start":{"line":42,"column":9},"end":{"line":53,"column":3}}],"line":40}},"s":{"0":0,"1":0,"2":0,"3":0,"4":0,"5":0,"6":0,"7":0,"8":0,"9":0,"10":0,"11":0,"12":0,"13":0,"14":0,"15":0,"16":0,"17":0,"18":0,"19":0,"20":0,"21":0,"22":0,"23":0,"24":0,"25":0},"f":{"0":0,"1":0,"2":0,"3":0,"4":0,"5":0,"6":0,"7":0,"8":0},"b":{"0":[0,0],"1":[0,0],"2":[0,0],"3":[0,0],"4":[0,0]}}
,"/Users/JimBarrows/projects.nosync/SavageWorldsVirtualTableTop/ui-web/src/components/ErrorBoundary.jsx": {"path":"/Users/JimBarrows/projects.nosync/SavageWorldsVirtualTableTop/ui-web/src/components/ErrorBoundary.jsx","statementMap":{"0":{"start":{"line":6,"column":4},"end":{"line":6,"column":17}},"1":{"start":{"line":7,"column":4},"end":{"line":7,"column":67}},"2":{"start":{"line":12,"column":4},"end":{"line":12,"column":30}},"3":{"start":{"line":17,"column":4},"end":{"line":19,"column":5}},"4":{"start":{"line":18,"column":6},"end":{"line":18,"column":67}},"5":{"start":{"line":22,"column":4},"end":{"line":25,"column":7}},"6":{"start":{"line":29,"column":4},"end":{"line":65,"column":5}},"7":{"start":{"line":31,"column":6},"end":{"line":64,"column":8}},"8":{"start":{"line":51,"column":31},"end":{"line":51,"column":55}},"9":{"start":{"line":57,"column":31},"end":{"line":57,"column":57}},"10":{"start":{"line":67,"column":4},"end":{"line":67,"column":31}},"11":{"start":{"line":71,"column":0},"end":{"line":73,"column":2}}},"fnMap":{"0":{"name":"(anonymous_0)","decl":{"start":{"line":5,"column":2},"end":{"line":5,"column":3}},"loc":{"start":{"line":5,"column":21},"end":{"line":8,"column":3}},"line":5},"1":{"name":"(anonymous_1)","decl":{"start":{"line":10,"column":2},"end":{"line":10,"column":3}},"loc":{"start":{"line":10,"column":41},"end":{"line":13,"column":3}},"line":10},"2":{"name":"(anonymous_2)","decl":{"start":{"line":15,"column":2},"end":{"line":15,"column":3}},"loc":{"start":{"line":15,"column":38},"end":{"line":26,"column":3}},"line":15},"3":{"name":"(anonymous_3)","decl":{"start":{"line":28,"column":2},"end":{"line":28,"column":3}},"loc":{"start":{"line":28,"column":11},"end":{"line":68,"column":3}},"line":28},"4":{"name":"(anonymous_4)","decl":{"start":{"line":51,"column":25},"end":{"line":51,"column":26}},"loc":{"start":{"line":51,"column":31},"end":{"line":51,"column":55}},"line":51},"5":{"name":"(anonymous_5)","decl":{"start":{"line":57,"column":25},"end":{"line":57,"column":26}},"loc":{"start":{"line":57,"column":31},"end":{"line":57,"column":57}},"line":57}},"branchMap":{"0":{"loc":{"start":{"line":17,"column":4},"end":{"line":19,"column":5}},"type":"if","locations":[{"start":{"line":17,"column":4},"end":{"line":19,"column":5}},{"start":{},"end":{}}],"line":17},"1":{"loc":{"start":{"line":29,"column":4},"end":{"line":65,"column":5}},"type":"if","locations":[{"start":{"line":29,"column":4},"end":{"line":65,"column":5}},{"start":{},"end":{}}],"line":29},"2":{"loc":{"start":{"line":37,"column":13},"end":{"line":45,"column":13}},"type":"binary-expr","locations":[{"start":{"line":37,"column":13},"end":{"line":37,"column":51}},{"start":{"line":37,"column":55},"end":{"line":37,"column":71}},{"start":{"line":38,"column":14},"end":{"line":44,"column":24}}],"line":37},"3":{"loc":{"start":{"line":42,"column":19},"end":{"line":42,"column":78}},"type":"binary-expr","locations":[{"start":{"line":42,"column":19},"end":{"line":42,"column":39}},{"start":{"line":42,"column":43},"end":{"line":42,"column":78}}],"line":42}},"s":{"0":0,"1":0,"2":0,"3":0,"4":0,"5":0,"6":0,"7":0,"8":0,"9":0,"10":0,"11":0},"f":{"0":0,"1":0,"2":0,"3":0,"4":0,"5":0},"b":{"0":[0,0],"1":[0,0],"2":[0,0,0],"3":[0,0]}}
,"/Users/JimBarrows/projects.nosync/SavageWorldsVirtualTableTop/ui-web/src/components/MarketingPage.js": {"path":"/Users/JimBarrows/projects.nosync/SavageWorldsVirtualTableTop/ui-web/src/components/MarketingPage.js","statementMap":{"0":{"start":{"line":7,"column":21},"end":{"line":9,"column":3}},"1":{"start":{"line":12,"column":31},"end":{"line":12,"column":41}},"2":{"start":{"line":14,"column":4},"end":{"line":177,"column":6}}},"fnMap":{"0":{"name":"(anonymous_0)","decl":{"start":{"line":11,"column":2},"end":{"line":11,"column":3}},"loc":{"start":{"line":11,"column":11},"end":{"line":178,"column":3}},"line":11}},"branchMap":{"0":{"loc":{"start":{"line":12,"column":12},"end":{"line":12,"column":26}},"type":"default-arg","locations":[{"start":{"line":12,"column":24},"end":{"line":12,"column":26}}],"line":12}},"s":{"0":0,"1":0,"2":0},"f":{"0":0},"b":{"0":[0]}}
,"/Users/JimBarrows/projects.nosync/SavageWorldsVirtualTableTop/ui-web/src/components/RememberMe.jsx": {"path":"/Users/JimBarrows/projects.nosync/SavageWorldsVirtualTableTop/ui-web/src/components/RememberMe.jsx","statementMap":{"0":{"start":{"line":4,"column":19},"end":{"line":24,"column":1}},"1":{"start":{"line":5,"column":23},"end":{"line":7,"column":3}},"2":{"start":{"line":6,"column":4},"end":{"line":6,"column":35}},"3":{"start":{"line":9,"column":2},"end":{"line":23,"column":4}},"4":{"start":{"line":26,"column":0},"end":{"line":29,"column":2}}},"fnMap":{"0":{"name":"(anonymous_0)","decl":{"start":{"line":4,"column":19},"end":{"line":4,"column":20}},"loc":{"start":{"line":4,"column":46},"end":{"line":24,"column":1}},"line":4},"1":{"name":"(anonymous_1)","decl":{"start":{"line":5,"column":23},"end":{"line":5,"column":24}},"loc":{"start":{"line":5,"column":34},"end":{"line":7,"column":3}},"line":5}},"branchMap":{},"s":{"0":0,"1":0,"2":0,"3":0,"4":0},"f":{"0":0,"1":0},"b":{}}
,"/Users/JimBarrows/projects.nosync/SavageWorldsVirtualTableTop/ui-web/src/components/SignupForm.js": {"path":"/Users/JimBarrows/projects.nosync/SavageWorldsVirtualTableTop/ui-web/src/components/SignupForm.js","statementMap":{"0":{"start":{"line":7,"column":21},"end":{"line":9,"column":3}},"1":{"start":{"line":11,"column":10},"end":{"line":20,"column":3}},"2":{"start":{"line":22,"column":17},"end":{"line":35,"column":3}},"3":{"start":{"line":22,"column":28},"end":{"line":35,"column":3}},"4":{"start":{"line":23,"column":18},"end":{"line":23,"column":36}},"5":{"start":{"line":24,"column":4},"end":{"line":34,"column":7}},"6":{"start":{"line":24,"column":32},"end":{"line":34,"column":5}},"7":{"start":{"line":37,"column":17},"end":{"line":71,"column":3}},"8":{"start":{"line":38,"column":4},"end":{"line":38,"column":26}},"9":{"start":{"line":40,"column":19},"end":{"line":40,"column":58}},"10":{"start":{"line":42,"column":4},"end":{"line":45,"column":5}},"11":{"start":{"line":43,"column":6},"end":{"line":43,"column":31}},"12":{"start":{"line":44,"column":6},"end":{"line":44,"column":12}},"13":{"start":{"line":47,"column":4},"end":{"line":47,"column":60}},"14":{"start":{"line":49,"column":4},"end":{"line":70,"column":5}},"15":{"start":{"line":51,"column":6},"end":{"line":54,"column":8}},"16":{"start":{"line":57,"column":6},"end":{"line":64,"column":8}},"17":{"start":{"line":66,"column":6},"end":{"line":69,"column":8}},"18":{"start":{"line":74,"column":60},"end":{"line":74,"column":70}},"19":{"start":{"line":76,"column":4},"end":{"line":143,"column":5}}},"fnMap":{"0":{"name":"(anonymous_0)","decl":{"start":{"line":22,"column":17},"end":{"line":22,"column":18}},"loc":{"start":{"line":22,"column":28},"end":{"line":35,"column":3}},"line":22},"1":{"name":"(anonymous_1)","decl":{"start":{"line":22,"column":28},"end":{"line":22,"column":29}},"loc":{"start":{"line":22,"column":39},"end":{"line":35,"column":3}},"line":22},"2":{"name":"(anonymous_2)","decl":{"start":{"line":24,"column":18},"end":{"line":24,"column":19}},"loc":{"start":{"line":24,"column":32},"end":{"line":34,"column":5}},"line":24},"3":{"name":"(anonymous_3)","decl":{"start":{"line":37,"column":17},"end":{"line":37,"column":18}},"loc":{"start":{"line":37,"column":34},"end":{"line":71,"column":3}},"line":37},"4":{"name":"(anonymous_4)","decl":{"start":{"line":73,"column":2},"end":{"line":73,"column":3}},"loc":{"start":{"line":73,"column":11},"end":{"line":144,"column":3}},"line":73}},"branchMap":{"0":{"loc":{"start":{"line":42,"column":4},"end":{"line":45,"column":5}},"type":"if","locations":[{"start":{"line":42,"column":4},"end":{"line":45,"column":5}},{"start":{},"end":{}}],"line":42},"1":{"loc":{"start":{"line":78,"column":9},"end":{"line":82,"column":9}},"type":"binary-expr","locations":[{"start":{"line":78,"column":9},"end":{"line":78,"column":20}},{"start":{"line":79,"column":10},"end":{"line":81,"column":16}}],"line":78},"2":{"loc":{"start":{"line":94,"column":11},"end":{"line":98,"column":11}},"type":"binary-expr","locations":[{"start":{"line":94,"column":11},"end":{"line":94,"column":23}},{"start":{"line":95,"column":12},"end":{"line":97,"column":18}}],"line":94},"3":{"loc":{"start":{"line":111,"column":11},"end":{"line":115,"column":11}},"type":"binary-expr","locations":[{"start":{"line":111,"column":11},"end":{"line":111,"column":26}},{"start":{"line":112,"column":12},"end":{"line":114,"column":18}}],"line":111},"4":{"loc":{"start":{"line":128,"column":11},"end":{"line":132,"column":11}},"type":"binary-expr","locations":[{"start":{"line":128,"column":11},"end":{"line":128,"column":33}},{"start":{"line":129,"column":12},"end":{"line":131,"column":18}}],"line":128},"5":{"loc":{"start":{"line":140,"column":11},"end":{"line":140,"column":53}},"type":"cond-expr","locations":[{"start":{"line":140,"column":26},"end":{"line":140,"column":41}},{"start":{"line":140,"column":44},"end":{"line":140,"column":53}}],"line":140}},"s":{"0":0,"1":0,"2":0,"3":0,"4":0,"5":0,"6":0,"7":0,"8":0,"9":0,"10":0,"11":0,"12":0,"13":0,"14":0,"15":0,"16":0,"17":0,"18":0,"19":0},"f":{"0":0,"1":0,"2":0,"3":0,"4":0},"b":{"0":[0,0],"1":[0,0],"2":[0,0],"3":[0,0],"4":[0,0],"5":[0,0]}}
,"/Users/JimBarrows/projects.nosync/SavageWorldsVirtualTableTop/ui-web/src/components/character_sheet/index.jsx": {"path":"/Users/JimBarrows/projects.nosync/SavageWorldsVirtualTableTop/ui-web/src/components/character_sheet/index.jsx","statementMap":{"0":{"start":{"line":18,"column":20},"end":{"line":28,"column":2}},"1":{"start":{"line":30,"column":9},"end":{"line":32,"column":2}},"2":{"start":{"line":34,"column":27},"end":{"line":39,"column":2}},"3":{"start":{"line":35,"column":2},"end":{"line":38,"column":5}},"4":{"start":{"line":41,"column":28},"end":{"line":41,"column":75}},"5":{"start":{"line":41,"column":33},"end":{"line":41,"column":75}},"6":{"start":{"line":42,"column":28},"end":{"line":42,"column":99}},"7":{"start":{"line":42,"column":33},"end":{"line":42,"column":99}},"8":{"start":{"line":43,"column":28},"end":{"line":43,"column":103}},"9":{"start":{"line":43,"column":33},"end":{"line":43,"column":103}},"10":{"start":{"line":44,"column":28},"end":{"line":47,"column":2}},"11":{"start":{"line":45,"column":2},"end":{"line":45,"column":20}},"12":{"start":{"line":46,"column":2},"end":{"line":46,"column":39}},"13":{"start":{"line":48,"column":28},"end":{"line":48,"column":92}},"14":{"start":{"line":48,"column":33},"end":{"line":48,"column":92}},"15":{"start":{"line":49,"column":28},"end":{"line":49,"column":81}},"16":{"start":{"line":49,"column":37},"end":{"line":49,"column":81}},"17":{"start":{"line":50,"column":28},"end":{"line":50,"column":96}},"18":{"start":{"line":50,"column":42},"end":{"line":50,"column":96}},"19":{"start":{"line":51,"column":28},"end":{"line":51,"column":85}},"20":{"start":{"line":51,"column":33},"end":{"line":51,"column":85}},"21":{"start":{"line":52,"column":28},"end":{"line":52,"column":99}},"22":{"start":{"line":52,"column":33},"end":{"line":52,"column":99}},"23":{"start":{"line":53,"column":28},"end":{"line":53,"column":84}},"24":{"start":{"line":53,"column":38},"end":{"line":53,"column":84}},"25":{"start":{"line":54,"column":28},"end":{"line":54,"column":74}},"26":{"start":{"line":54,"column":33},"end":{"line":54,"column":74}},"27":{"start":{"line":55,"column":28},"end":{"line":55,"column":74}},"28":{"start":{"line":55,"column":33},"end":{"line":55,"column":74}},"29":{"start":{"line":56,"column":28},"end":{"line":56,"column":76}},"30":{"start":{"line":56,"column":33},"end":{"line":56,"column":76}},"31":{"start":{"line":57,"column":28},"end":{"line":57,"column":73}},"32":{"start":{"line":57,"column":33},"end":{"line":57,"column":73}},"33":{"start":{"line":60,"column":21},"end":{"line":60,"column":31}},"34":{"start":{"line":61,"column":21},"end":{"line":61,"column":43}},"35":{"start":{"line":62,"column":2},"end":{"line":116,"column":3}}},"fnMap":{"0":{"name":"(anonymous_0)","decl":{"start":{"line":34,"column":27},"end":{"line":34,"column":28}},"loc":{"start":{"line":34,"column":48},"end":{"line":39,"column":2}},"line":34},"1":{"name":"(anonymous_1)","decl":{"start":{"line":41,"column":28},"end":{"line":41,"column":29}},"loc":{"start":{"line":41,"column":33},"end":{"line":41,"column":75}},"line":41},"2":{"name":"(anonymous_2)","decl":{"start":{"line":42,"column":28},"end":{"line":42,"column":29}},"loc":{"start":{"line":42,"column":33},"end":{"line":42,"column":99}},"line":42},"3":{"name":"(anonymous_3)","decl":{"start":{"line":43,"column":28},"end":{"line":43,"column":29}},"loc":{"start":{"line":43,"column":33},"end":{"line":43,"column":103}},"line":43},"4":{"name":"(anonymous_4)","decl":{"start":{"line":44,"column":28},"end":{"line":44,"column":29}},"loc":{"start":{"line":44,"column":33},"end":{"line":47,"column":2}},"line":44},"5":{"name":"(anonymous_5)","decl":{"start":{"line":48,"column":28},"end":{"line":48,"column":29}},"loc":{"start":{"line":48,"column":33},"end":{"line":48,"column":92}},"line":48},"6":{"name":"(anonymous_6)","decl":{"start":{"line":49,"column":28},"end":{"line":49,"column":29}},"loc":{"start":{"line":49,"column":37},"end":{"line":49,"column":81}},"line":49},"7":{"name":"(anonymous_7)","decl":{"start":{"line":50,"column":28},"end":{"line":50,"column":29}},"loc":{"start":{"line":50,"column":42},"end":{"line":50,"column":96}},"line":50},"8":{"name":"(anonymous_8)","decl":{"start":{"line":51,"column":28},"end":{"line":51,"column":29}},"loc":{"start":{"line":51,"column":33},"end":{"line":51,"column":85}},"line":51},"9":{"name":"(anonymous_9)","decl":{"start":{"line":52,"column":28},"end":{"line":52,"column":29}},"loc":{"start":{"line":52,"column":33},"end":{"line":52,"column":99}},"line":52},"10":{"name":"(anonymous_10)","decl":{"start":{"line":53,"column":28},"end":{"line":53,"column":29}},"loc":{"start":{"line":53,"column":38},"end":{"line":53,"column":84}},"line":53},"11":{"name":"(anonymous_11)","decl":{"start":{"line":54,"column":28},"end":{"line":54,"column":29}},"loc":{"start":{"line":54,"column":33},"end":{"line":54,"column":74}},"line":54},"12":{"name":"(anonymous_12)","decl":{"start":{"line":55,"column":28},"end":{"line":55,"column":29}},"loc":{"start":{"line":55,"column":33},"end":{"line":55,"column":74}},"line":55},"13":{"name":"(anonymous_13)","decl":{"start":{"line":56,"column":28},"end":{"line":56,"column":29}},"loc":{"start":{"line":56,"column":33},"end":{"line":56,"column":76}},"line":56},"14":{"name":"(anonymous_14)","decl":{"start":{"line":57,"column":28},"end":{"line":57,"column":29}},"loc":{"start":{"line":57,"column":33},"end":{"line":57,"column":73}},"line":57},"15":{"name":"(anonymous_15)","decl":{"start":{"line":59,"column":1},"end":{"line":59,"column":2}},"loc":{"start":{"line":59,"column":11},"end":{"line":117,"column":2}},"line":59}},"branchMap":{"0":{"loc":{"start":{"line":82,"column":14},"end":{"line":82,"column":57}},"type":"binary-expr","locations":[{"start":{"line":82,"column":14},"end":{"line":82,"column":48}},{"start":{"line":82,"column":52},"end":{"line":82,"column":57}}],"line":82},"1":{"loc":{"start":{"line":103,"column":26},"end":{"line":103,"column":62}},"type":"binary-expr","locations":[{"start":{"line":103,"column":26},"end":{"line":103,"column":56}},{"start":{"line":103,"column":60},"end":{"line":103,"column":62}}],"line":103},"2":{"loc":{"start":{"line":104,"column":17},"end":{"line":104,"column":49}},"type":"binary-expr","locations":[{"start":{"line":104,"column":17},"end":{"line":104,"column":43}},{"start":{"line":104,"column":47},"end":{"line":104,"column":49}}],"line":104},"3":{"loc":{"start":{"line":107,"column":21},"end":{"line":107,"column":52}},"type":"binary-expr","locations":[{"start":{"line":107,"column":21},"end":{"line":107,"column":46}},{"start":{"line":107,"column":50},"end":{"line":107,"column":52}}],"line":107},"4":{"loc":{"start":{"line":108,"column":12},"end":{"line":108,"column":39}},"type":"binary-expr","locations":[{"start":{"line":108,"column":12},"end":{"line":108,"column":33}},{"start":{"line":108,"column":37},"end":{"line":108,"column":39}}],"line":108},"5":{"loc":{"start":{"line":111,"column":22},"end":{"line":111,"column":54}},"type":"binary-expr","locations":[{"start":{"line":111,"column":22},"end":{"line":111,"column":48}},{"start":{"line":111,"column":52},"end":{"line":111,"column":54}}],"line":111},"6":{"loc":{"start":{"line":112,"column":13},"end":{"line":112,"column":41}},"type":"binary-expr","locations":[{"start":{"line":112,"column":13},"end":{"line":112,"column":35}},{"start":{"line":112,"column":39},"end":{"line":112,"column":41}}],"line":112}},"s":{"0":0,"1":0,"2":0,"3":0,"4":0,"5":0,"6":0,"7":0,"8":0,"9":0,"10":0,"11":0,"12":0,"13":0,"14":0,"15":0,"16":0,"17":0,"18":0,"19":0,"20":0,"21":0,"22":0,"23":0,"24":0,"25":0,"26":0,"27":0,"28":0,"29":0,"30":0,"31":0,"32":0,"33":0,"34":0,"35":0},"f":{"0":0,"1":0,"2":0,"3":0,"4":0,"5":0,"6":0,"7":0,"8":0,"9":0,"10":0,"11":0,"12":0,"13":0,"14":0,"15":0},"b":{"0":[0,0],"1":[0,0],"2":[0,0],"3":[0,0],"4":[0,0],"5":[0,0],"6":[0,0]}}
,"/Users/JimBarrows/projects.nosync/SavageWorldsVirtualTableTop/ui-web/src/components/character_sheet/selected_edges/index.jsx": {"path":"/Users/JimBarrows/projects.nosync/SavageWorldsVirtualTableTop/ui-web/src/components/character_sheet/selected_edges/index.jsx","statementMap":{"0":{"start":{"line":7,"column":20},"end":{"line":12,"column":2}},"1":{"start":{"line":14,"column":23},"end":{"line":14,"column":25}},"2":{"start":{"line":16,"column":19},"end":{"line":22,"column":2}},"3":{"start":{"line":17,"column":2},"end":{"line":21,"column":5}},"4":{"start":{"line":18,"column":3},"end":{"line":18,"column":51}},"5":{"start":{"line":18,"column":41},"end":{"line":18,"column":51}},"6":{"start":{"line":19,"column":3},"end":{"line":19,"column":50}},"7":{"start":{"line":19,"column":41},"end":{"line":19,"column":50}},"8":{"start":{"line":20,"column":3},"end":{"line":20,"column":12}},"9":{"start":{"line":24,"column":11},"end":{"line":35,"column":2}},"10":{"start":{"line":25,"column":2},"end":{"line":25,"column":39}},"11":{"start":{"line":25,"column":32},"end":{"line":25,"column":39}},"12":{"start":{"line":27,"column":16},"end":{"line":27,"column":38}},"13":{"start":{"line":28,"column":19},"end":{"line":31,"column":4}},"14":{"start":{"line":33,"column":2},"end":{"line":33,"column":54}},"15":{"start":{"line":34,"column":2},"end":{"line":34,"column":38}},"16":{"start":{"line":37,"column":19},"end":{"line":37,"column":123}},"17":{"start":{"line":37,"column":24},"end":{"line":37,"column":123}},"18":{"start":{"line":37,"column":92},"end":{"line":37,"column":120}},"19":{"start":{"line":39,"column":18},"end":{"line":47,"column":2}},"20":{"start":{"line":39,"column":33},"end":{"line":47,"column":2}},"21":{"start":{"line":40,"column":16},"end":{"line":40,"column":38}},"22":{"start":{"line":41,"column":23},"end":{"line":41,"column":33}},"23":{"start":{"line":42,"column":2},"end":{"line":45,"column":4}},"24":{"start":{"line":46,"column":2},"end":{"line":46,"column":36}},"25":{"start":{"line":51,"column":26},"end":{"line":51,"column":44}},"26":{"start":{"line":52,"column":26},"end":{"line":52,"column":63}},"27":{"start":{"line":53,"column":26},"end":{"line":53,"column":48}},"28":{"start":{"line":54,"column":26},"end":{"line":54,"column":70}},"29":{"start":{"line":54,"column":41},"end":{"line":54,"column":53}},"30":{"start":{"line":55,"column":26},"end":{"line":60,"column":6}},"31":{"start":{"line":56,"column":19},"end":{"line":56,"column":50}},"32":{"start":{"line":57,"column":17},"end":{"line":60,"column":4}},"33":{"start":{"line":61,"column":2},"end":{"line":77,"column":9}},"34":{"start":{"line":67,"column":25},"end":{"line":67,"column":34}},"35":{"start":{"line":68,"column":16},"end":{"line":74,"column":23}},"36":{"start":{"line":80,"column":9},"end":{"line":82,"column":2}}},"fnMap":{"0":{"name":"(anonymous_0)","decl":{"start":{"line":16,"column":19},"end":{"line":16,"column":20}},"loc":{"start":{"line":16,"column":30},"end":{"line":22,"column":2}},"line":16},"1":{"name":"(anonymous_1)","decl":{"start":{"line":17,"column":20},"end":{"line":17,"column":21}},"loc":{"start":{"line":17,"column":37},"end":{"line":21,"column":3}},"line":17},"2":{"name":"(anonymous_2)","decl":{"start":{"line":24,"column":11},"end":{"line":24,"column":12}},"loc":{"start":{"line":24,"column":17},"end":{"line":35,"column":2}},"line":24},"3":{"name":"(anonymous_3)","decl":{"start":{"line":37,"column":19},"end":{"line":37,"column":20}},"loc":{"start":{"line":37,"column":24},"end":{"line":37,"column":123}},"line":37},"4":{"name":"(anonymous_4)","decl":{"start":{"line":37,"column":84},"end":{"line":37,"column":85}},"loc":{"start":{"line":37,"column":92},"end":{"line":37,"column":120}},"line":37},"5":{"name":"(anonymous_5)","decl":{"start":{"line":39,"column":18},"end":{"line":39,"column":19}},"loc":{"start":{"line":39,"column":33},"end":{"line":47,"column":2}},"line":39},"6":{"name":"(anonymous_6)","decl":{"start":{"line":39,"column":33},"end":{"line":39,"column":34}},"loc":{"start":{"line":39,"column":40},"end":{"line":47,"column":2}},"line":39},"7":{"name":"(anonymous_7)","decl":{"start":{"line":50,"column":1},"end":{"line":50,"column":2}},"loc":{"start":{"line":50,"column":11},"end":{"line":78,"column":2}},"line":50},"8":{"name":"(anonymous_8)","decl":{"start":{"line":54,"column":36},"end":{"line":54,"column":37}},"loc":{"start":{"line":54,"column":41},"end":{"line":54,"column":53}},"line":54},"9":{"name":"(anonymous_9)","decl":{"start":{"line":56,"column":11},"end":{"line":56,"column":12}},"loc":{"start":{"line":56,"column":19},"end":{"line":56,"column":50}},"line":56},"10":{"name":"(anonymous_10)","decl":{"start":{"line":57,"column":8},"end":{"line":57,"column":9}},"loc":{"start":{"line":57,"column":17},"end":{"line":60,"column":4}},"line":57},"11":{"name":"(anonymous_11)","decl":{"start":{"line":67,"column":17},"end":{"line":67,"column":18}},"loc":{"start":{"line":67,"column":25},"end":{"line":67,"column":34}},"line":67},"12":{"name":"(anonymous_12)","decl":{"start":{"line":67,"column":40},"end":{"line":67,"column":41}},"loc":{"start":{"line":68,"column":16},"end":{"line":74,"column":23}},"line":68}},"branchMap":{"0":{"loc":{"start":{"line":18,"column":3},"end":{"line":18,"column":51}},"type":"if","locations":[{"start":{"line":18,"column":3},"end":{"line":18,"column":51}},{"start":{},"end":{}}],"line":18},"1":{"loc":{"start":{"line":19,"column":3},"end":{"line":19,"column":50}},"type":"if","locations":[{"start":{"line":19,"column":3},"end":{"line":19,"column":50}},{"start":{},"end":{}}],"line":19},"2":{"loc":{"start":{"line":25,"column":2},"end":{"line":25,"column":39}},"type":"if","locations":[{"start":{"line":25,"column":2},"end":{"line":25,"column":39}},{"start":{},"end":{}}],"line":25},"3":{"loc":{"start":{"line":27,"column":16},"end":{"line":27,"column":38}},"type":"binary-expr","locations":[{"start":{"line":27,"column":16},"end":{"line":27,"column":32}},{"start":{"line":27,"column":36},"end":{"line":27,"column":38}}],"line":27},"4":{"loc":{"start":{"line":40,"column":16},"end":{"line":40,"column":38}},"type":"binary-expr","locations":[{"start":{"line":40,"column":16},"end":{"line":40,"column":32}},{"start":{"line":40,"column":36},"end":{"line":40,"column":38}}],"line":40},"5":{"loc":{"start":{"line":53,"column":26},"end":{"line":53,"column":48}},"type":"binary-expr","locations":[{"start":{"line":53,"column":26},"end":{"line":53,"column":42}},{"start":{"line":53,"column":46},"end":{"line":53,"column":48}}],"line":53},"6":{"loc":{"start":{"line":64,"column":11},"end":{"line":64,"column":70}},"type":"cond-expr","locations":[{"start":{"line":64,"column":37},"end":{"line":64,"column":65}},{"start":{"line":64,"column":68},"end":{"line":64,"column":70}}],"line":64}},"s":{"0":0,"1":0,"2":0,"3":0,"4":0,"5":0,"6":0,"7":0,"8":0,"9":0,"10":0,"11":0,"12":0,"13":0,"14":0,"15":0,"16":0,"17":0,"18":0,"19":0,"20":0,"21":0,"22":0,"23":0,"24":0,"25":0,"26":0,"27":0,"28":0,"29":0,"30":0,"31":0,"32":0,"33":0,"34":0,"35":0,"36":0},"f":{"0":0,"1":0,"2":0,"3":0,"4":0,"5":0,"6":0,"7":0,"8":0,"9":0,"10":0,"11":0,"12":0},"b":{"0":[0,0],"1":[0,0],"2":[0,0],"3":[0,0],"4":[0,0],"5":[0,0],"6":[0,0]}}
,"/Users/JimBarrows/projects.nosync/SavageWorldsVirtualTableTop/ui-web/src/components/character_sheet/selected_hindrances/Editor.jsx": {"path":"/Users/JimBarrows/projects.nosync/SavageWorldsVirtualTableTop/ui-web/src/components/character_sheet/selected_hindrances/Editor.jsx","statementMap":{"0":{"start":{"line":7,"column":23},"end":{"line":7,"column":25}},"1":{"start":{"line":9,"column":20},"end":{"line":13,"column":2}},"2":{"start":{"line":15,"column":24},"end":{"line":23,"column":2}},"3":{"start":{"line":16,"column":34},"end":{"line":16,"column":44}},"4":{"start":{"line":17,"column":2},"end":{"line":22,"column":3}},"5":{"start":{"line":18,"column":3},"end":{"line":21,"column":6}},"6":{"start":{"line":25,"column":12},"end":{"line":54,"column":2}},"7":{"start":{"line":26,"column":20},"end":{"line":26,"column":30}},"8":{"start":{"line":27,"column":2},"end":{"line":53,"column":3}},"9":{"start":{"line":28,"column":3},"end":{"line":49,"column":10}},"10":{"start":{"line":35,"column":22},"end":{"line":35,"column":56}},"11":{"start":{"line":45,"column":22},"end":{"line":45,"column":56}},"12":{"start":{"line":51,"column":20},"end":{"line":51,"column":70}},"13":{"start":{"line":52,"column":3},"end":{"line":52,"column":47}},"14":{"start":{"line":56,"column":23},"end":{"line":64,"column":2}},"15":{"start":{"line":57,"column":34},"end":{"line":57,"column":44}},"16":{"start":{"line":58,"column":2},"end":{"line":63,"column":3}},"17":{"start":{"line":59,"column":3},"end":{"line":62,"column":6}},"18":{"start":{"line":67,"column":24},"end":{"line":67,"column":34}},"19":{"start":{"line":68,"column":24},"end":{"line":68,"column":55}},"20":{"start":{"line":69,"column":2},"end":{"line":78,"column":3}}},"fnMap":{"0":{"name":"(anonymous_0)","decl":{"start":{"line":15,"column":24},"end":{"line":15,"column":25}},"loc":{"start":{"line":15,"column":38},"end":{"line":23,"column":2}},"line":15},"1":{"name":"(anonymous_1)","decl":{"start":{"line":25,"column":12},"end":{"line":25,"column":13}},"loc":{"start":{"line":25,"column":18},"end":{"line":54,"column":2}},"line":25},"2":{"name":"(anonymous_2)","decl":{"start":{"line":35,"column":16},"end":{"line":35,"column":17}},"loc":{"start":{"line":35,"column":22},"end":{"line":35,"column":56}},"line":35},"3":{"name":"(anonymous_3)","decl":{"start":{"line":45,"column":16},"end":{"line":45,"column":17}},"loc":{"start":{"line":45,"column":22},"end":{"line":45,"column":56}},"line":45},"4":{"name":"(anonymous_4)","decl":{"start":{"line":56,"column":23},"end":{"line":56,"column":24}},"loc":{"start":{"line":56,"column":30},"end":{"line":64,"column":2}},"line":56},"5":{"name":"(anonymous_5)","decl":{"start":{"line":66,"column":1},"end":{"line":66,"column":2}},"loc":{"start":{"line":66,"column":11},"end":{"line":79,"column":2}},"line":66}},"branchMap":{"0":{"loc":{"start":{"line":17,"column":2},"end":{"line":22,"column":3}},"type":"if","locations":[{"start":{"line":17,"column":2},"end":{"line":22,"column":3}},{"start":{},"end":{}}],"line":17},"1":{"loc":{"start":{"line":27,"column":2},"end":{"line":53,"column":3}},"type":"if","locations":[{"start":{"line":27,"column":2},"end":{"line":53,"column":3}},{"start":{"line":50,"column":9},"end":{"line":53,"column":3}}],"line":27},"2":{"loc":{"start":{"line":51,"column":20},"end":{"line":51,"column":70}},"type":"binary-expr","locations":[{"start":{"line":51,"column":20},"end":{"line":51,"column":38}},{"start":{"line":51,"column":42},"end":{"line":51,"column":70}}],"line":51},"3":{"loc":{"start":{"line":58,"column":2},"end":{"line":63,"column":3}},"type":"if","locations":[{"start":{"line":58,"column":2},"end":{"line":63,"column":3}},{"start":{},"end":{}}],"line":58}},"s":{"0":1,"1":1,"2":46,"3":4,"4":4,"5":4,"6":46,"7":47,"8":47,"9":17,"10":1,"11":3,"12":30,"13":30,"14":46,"15":3,"16":3,"17":2,"18":47,"19":47,"20":47},"f":{"0":4,"1":47,"2":1,"3":3,"4":3,"5":47},"b":{"0":[4,0],"1":[17,30],"2":[30,2],"3":[2,1]},"_coverageSchema":"1a1c01bbd47fc00a2c39e90264f33305004495a9","hash":"3d445fdeb4b50e6e8c379a9590e3ca1e2ee407fa"}
,"/Users/JimBarrows/projects.nosync/SavageWorldsVirtualTableTop/ui-web/src/components/character_sheet/selected_hindrances/index.jsx": {"path":"/Users/JimBarrows/projects.nosync/SavageWorldsVirtualTableTop/ui-web/src/components/character_sheet/selected_hindrances/index.jsx","statementMap":{"0":{"start":{"line":8,"column":20},"end":{"line":13,"column":2}},"1":{"start":{"line":15,"column":23},"end":{"line":15,"column":25}},"2":{"start":{"line":17,"column":16},"end":{"line":23,"column":2}},"3":{"start":{"line":18,"column":2},"end":{"line":21,"column":108}},"4":{"start":{"line":21,"column":20},"end":{"line":21,"column":106}},"5":{"start":{"line":22,"column":2},"end":{"line":22,"column":42}},"6":{"start":{"line":25,"column":24},"end":{"line":25,"column":148}},"7":{"start":{"line":25,"column":29},"end":{"line":25,"column":148}},"8":{"start":{"line":25,"column":112},"end":{"line":25,"column":145}},"9":{"start":{"line":28,"column":31},"end":{"line":28,"column":54}},"10":{"start":{"line":29,"column":31},"end":{"line":29,"column":68}},"11":{"start":{"line":30,"column":31},"end":{"line":30,"column":79}},"12":{"start":{"line":30,"column":62},"end":{"line":30,"column":78}},"13":{"start":{"line":31,"column":31},"end":{"line":36,"column":6}},"14":{"start":{"line":32,"column":24},"end":{"line":32,"column":65}},"15":{"start":{"line":33,"column":22},"end":{"line":36,"column":4}},"16":{"start":{"line":37,"column":2},"end":{"line":47,"column":9}},"17":{"start":{"line":44,"column":52},"end":{"line":45,"column":29}},"18":{"start":{"line":50,"column":9},"end":{"line":52,"column":2}}},"fnMap":{"0":{"name":"(anonymous_0)","decl":{"start":{"line":17,"column":16},"end":{"line":17,"column":17}},"loc":{"start":{"line":17,"column":22},"end":{"line":23,"column":2}},"line":17},"1":{"name":"(anonymous_1)","decl":{"start":{"line":21,"column":10},"end":{"line":21,"column":11}},"loc":{"start":{"line":21,"column":20},"end":{"line":21,"column":106}},"line":21},"2":{"name":"(anonymous_2)","decl":{"start":{"line":25,"column":24},"end":{"line":25,"column":25}},"loc":{"start":{"line":25,"column":29},"end":{"line":25,"column":148}},"line":25},"3":{"name":"(anonymous_3)","decl":{"start":{"line":25,"column":99},"end":{"line":25,"column":100}},"loc":{"start":{"line":25,"column":112},"end":{"line":25,"column":145}},"line":25},"4":{"name":"(anonymous_4)","decl":{"start":{"line":27,"column":1},"end":{"line":27,"column":2}},"loc":{"start":{"line":27,"column":11},"end":{"line":48,"column":2}},"line":27},"5":{"name":"(anonymous_5)","decl":{"start":{"line":30,"column":57},"end":{"line":30,"column":58}},"loc":{"start":{"line":30,"column":62},"end":{"line":30,"column":78}},"line":30},"6":{"name":"(anonymous_6)","decl":{"start":{"line":32,"column":11},"end":{"line":32,"column":12}},"loc":{"start":{"line":32,"column":24},"end":{"line":32,"column":65}},"line":32},"7":{"name":"(anonymous_7)","decl":{"start":{"line":33,"column":8},"end":{"line":33,"column":9}},"loc":{"start":{"line":33,"column":22},"end":{"line":36,"column":4}},"line":33},"8":{"name":"(anonymous_8)","decl":{"start":{"line":44,"column":30},"end":{"line":44,"column":31}},"loc":{"start":{"line":44,"column":52},"end":{"line":45,"column":29}},"line":44}},"branchMap":{"0":{"loc":{"start":{"line":21,"column":20},"end":{"line":21,"column":106}},"type":"cond-expr","locations":[{"start":{"line":21,"column":58},"end":{"line":21,"column":60}},{"start":{"line":21,"column":63},"end":{"line":21,"column":106}}],"line":21},"1":{"loc":{"start":{"line":21,"column":63},"end":{"line":21,"column":106}},"type":"cond-expr","locations":[{"start":{"line":21,"column":101},"end":{"line":21,"column":102}},{"start":{"line":21,"column":105},"end":{"line":21,"column":106}}],"line":21},"2":{"loc":{"start":{"line":41,"column":11},"end":{"line":41,"column":80}},"type":"cond-expr","locations":[{"start":{"line":41,"column":42},"end":{"line":41,"column":75}},{"start":{"line":41,"column":78},"end":{"line":41,"column":80}}],"line":41}},"s":{"0":0,"1":0,"2":0,"3":0,"4":0,"5":0,"6":0,"7":0,"8":0,"9":0,"10":0,"11":0,"12":0,"13":0,"14":0,"15":0,"16":0,"17":0,"18":0},"f":{"0":0,"1":0,"2":0,"3":0,"4":0,"5":0,"6":0,"7":0,"8":0},"b":{"0":[0,0],"1":[0,0],"2":[0,0]}}
,"/Users/JimBarrows/projects.nosync/SavageWorldsVirtualTableTop/ui-web/src/components/character_sheet/selected_skills/index.jsx": {"path":"/Users/JimBarrows/projects.nosync/SavageWorldsVirtualTableTop/ui-web/src/components/character_sheet/selected_skills/index.jsx","statementMap":{"0":{"start":{"line":8,"column":23},"end":{"line":13,"column":2}},"1":{"start":{"line":14,"column":23},"end":{"line":14,"column":25}},"2":{"start":{"line":16,"column":19},"end":{"line":19,"column":2}},"3":{"start":{"line":16,"column":28},"end":{"line":19,"column":2}},"4":{"start":{"line":17,"column":2},"end":{"line":17,"column":47}},"5":{"start":{"line":18,"column":2},"end":{"line":18,"column":40}},"6":{"start":{"line":21,"column":12},"end":{"line":28,"column":2}},"7":{"start":{"line":22,"column":2},"end":{"line":26,"column":92}},"8":{"start":{"line":26,"column":20},"end":{"line":26,"column":90}},"9":{"start":{"line":27,"column":2},"end":{"line":27,"column":38}},"10":{"start":{"line":30,"column":20},"end":{"line":30,"column":128}},"11":{"start":{"line":30,"column":25},"end":{"line":30,"column":128}},"12":{"start":{"line":30,"column":96},"end":{"line":30,"column":125}},"13":{"start":{"line":33,"column":27},"end":{"line":33,"column":63}},"14":{"start":{"line":34,"column":27},"end":{"line":34,"column":67}},"15":{"start":{"line":34,"column":54},"end":{"line":34,"column":66}},"16":{"start":{"line":35,"column":27},"end":{"line":40,"column":6}},"17":{"start":{"line":36,"column":20},"end":{"line":36,"column":53}},"18":{"start":{"line":37,"column":18},"end":{"line":40,"column":4}},"19":{"start":{"line":41,"column":2},"end":{"line":59,"column":9}},"20":{"start":{"line":47,"column":16},"end":{"line":56,"column":23}},"21":{"start":{"line":62,"column":9},"end":{"line":64,"column":2}}},"fnMap":{"0":{"name":"(anonymous_0)","decl":{"start":{"line":16,"column":19},"end":{"line":16,"column":20}},"loc":{"start":{"line":16,"column":28},"end":{"line":19,"column":2}},"line":16},"1":{"name":"(anonymous_1)","decl":{"start":{"line":16,"column":28},"end":{"line":16,"column":29}},"loc":{"start":{"line":16,"column":33},"end":{"line":19,"column":2}},"line":16},"2":{"name":"(anonymous_2)","decl":{"start":{"line":21,"column":12},"end":{"line":21,"column":13}},"loc":{"start":{"line":21,"column":18},"end":{"line":28,"column":2}},"line":21},"3":{"name":"(anonymous_3)","decl":{"start":{"line":26,"column":10},"end":{"line":26,"column":11}},"loc":{"start":{"line":26,"column":20},"end":{"line":26,"column":90}},"line":26},"4":{"name":"(anonymous_4)","decl":{"start":{"line":30,"column":20},"end":{"line":30,"column":21}},"loc":{"start":{"line":30,"column":25},"end":{"line":30,"column":128}},"line":30},"5":{"name":"(anonymous_5)","decl":{"start":{"line":30,"column":87},"end":{"line":30,"column":88}},"loc":{"start":{"line":30,"column":96},"end":{"line":30,"column":125}},"line":30},"6":{"name":"(anonymous_6)","decl":{"start":{"line":32,"column":1},"end":{"line":32,"column":2}},"loc":{"start":{"line":32,"column":11},"end":{"line":60,"column":2}},"line":32},"7":{"name":"(anonymous_7)","decl":{"start":{"line":34,"column":49},"end":{"line":34,"column":50}},"loc":{"start":{"line":34,"column":54},"end":{"line":34,"column":66}},"line":34},"8":{"name":"(anonymous_8)","decl":{"start":{"line":36,"column":11},"end":{"line":36,"column":12}},"loc":{"start":{"line":36,"column":20},"end":{"line":36,"column":53}},"line":36},"9":{"name":"(anonymous_9)","decl":{"start":{"line":37,"column":8},"end":{"line":37,"column":9}},"loc":{"start":{"line":37,"column":18},"end":{"line":40,"column":4}},"line":37},"10":{"name":"(anonymous_10)","decl":{"start":{"line":46,"column":26},"end":{"line":46,"column":27}},"loc":{"start":{"line":47,"column":16},"end":{"line":56,"column":23}},"line":47}},"branchMap":{"0":{"loc":{"start":{"line":26,"column":20},"end":{"line":26,"column":90}},"type":"cond-expr","locations":[{"start":{"line":26,"column":50},"end":{"line":26,"column":52}},{"start":{"line":26,"column":55},"end":{"line":26,"column":90}}],"line":26},"1":{"loc":{"start":{"line":26,"column":55},"end":{"line":26,"column":90}},"type":"cond-expr","locations":[{"start":{"line":26,"column":85},"end":{"line":26,"column":86}},{"start":{"line":26,"column":89},"end":{"line":26,"column":90}}],"line":26}},"s":{"0":0,"1":0,"2":0,"3":0,"4":0,"5":0,"6":0,"7":0,"8":0,"9":0,"10":0,"11":0,"12":0,"13":0,"14":0,"15":0,"16":0,"17":0,"18":0,"19":0,"20":0,"21":0},"f":{"0":0,"1":0,"2":0,"3":0,"4":0,"5":0,"6":0,"7":0,"8":0,"9":0,"10":0},"b":{"0":[0,0],"1":[0,0]}}
,"/Users/JimBarrows/projects.nosync/SavageWorldsVirtualTableTop/ui-web/src/components/formgroups/AttributeSelectFormGroup.jsx": {"path":"/Users/JimBarrows/projects.nosync/SavageWorldsVirtualTableTop/ui-web/src/components/formgroups/AttributeSelectFormGroup.jsx","statementMap":{"0":{"start":{"line":7,"column":20},"end":{"line":12,"column":2}},"1":{"start":{"line":14,"column":23},"end":{"line":16,"column":2}},"2":{"start":{"line":19,"column":2},"end":{"line":31,"column":4}}},"fnMap":{"0":{"name":"(anonymous_0)","decl":{"start":{"line":18,"column":1},"end":{"line":18,"column":2}},"loc":{"start":{"line":18,"column":10},"end":{"line":32,"column":2}},"line":18}},"branchMap":{},"s":{"0":0,"1":0,"2":0},"f":{"0":0},"b":{}}
,"/Users/JimBarrows/projects.nosync/SavageWorldsVirtualTableTop/ui-web/src/components/formgroups/DiceSelectFormGroup.jsx": {"path":"/Users/JimBarrows/projects.nosync/SavageWorldsVirtualTableTop/ui-web/src/components/formgroups/DiceSelectFormGroup.jsx","statementMap":{"0":{"start":{"line":8,"column":20},"end":{"line":20,"column":2}},"1":{"start":{"line":22,"column":14},"end":{"line":28,"column":2}},"2":{"start":{"line":23,"column":2},"end":{"line":27,"column":3}},"3":{"start":{"line":24,"column":3},"end":{"line":24,"column":93}},"4":{"start":{"line":26,"column":3},"end":{"line":26,"column":96}},"5":{"start":{"line":30,"column":15},"end":{"line":30,"column":115}},"6":{"start":{"line":30,"column":20},"end":{"line":30,"column":115}},"7":{"start":{"line":33,"column":73},"end":{"line":33,"column":83}},"8":{"start":{"line":34,"column":83},"end":{"line":34,"column":110}},"9":{"start":{"line":35,"column":83},"end":{"line":35,"column":85}},"10":{"start":{"line":36,"column":2},"end":{"line":40,"column":3}},"11":{"start":{"line":37,"column":3},"end":{"line":39,"column":80}},"12":{"start":{"line":41,"column":2},"end":{"line":46,"column":14}}},"fnMap":{"0":{"name":"(anonymous_0)","decl":{"start":{"line":22,"column":14},"end":{"line":22,"column":15}},"loc":{"start":{"line":22,"column":19},"end":{"line":28,"column":2}},"line":22},"1":{"name":"(anonymous_1)","decl":{"start":{"line":30,"column":15},"end":{"line":30,"column":16}},"loc":{"start":{"line":30,"column":20},"end":{"line":30,"column":115}},"line":30},"2":{"name":"(anonymous_2)","decl":{"start":{"line":32,"column":1},"end":{"line":32,"column":2}},"loc":{"start":{"line":32,"column":10},"end":{"line":47,"column":2}},"line":32}},"branchMap":{"0":{"loc":{"start":{"line":23,"column":2},"end":{"line":27,"column":3}},"type":"if","locations":[{"start":{"line":23,"column":2},"end":{"line":27,"column":3}},{"start":{"line":25,"column":9},"end":{"line":27,"column":3}}],"line":23},"1":{"loc":{"start":{"line":36,"column":2},"end":{"line":40,"column":3}},"type":"if","locations":[{"start":{"line":36,"column":2},"end":{"line":40,"column":3}},{"start":{},"end":{}}],"line":36}},"s":{"0":0,"1":0,"2":0,"3":0,"4":0,"5":0,"6":0,"7":0,"8":0,"9":0,"10":0,"11":0,"12":0},"f":{"0":0,"1":0,"2":0},"b":{"0":[0,0],"1":[0,0]}}
,"/Users/JimBarrows/projects.nosync/SavageWorldsVirtualTableTop/ui-web/src/components/formgroups/RankSelectFormGroup.jsx": {"path":"/Users/JimBarrows/projects.nosync/SavageWorldsVirtualTableTop/ui-web/src/components/formgroups/RankSelectFormGroup.jsx","statementMap":{"0":{"start":{"line":7,"column":20},"end":{"line":13,"column":2}},"1":{"start":{"line":15,"column":23},"end":{"line":18,"column":2}},"2":{"start":{"line":21,"column":2},"end":{"line":34,"column":4}}},"fnMap":{"0":{"name":"(anonymous_0)","decl":{"start":{"line":20,"column":1},"end":{"line":20,"column":2}},"loc":{"start":{"line":20,"column":10},"end":{"line":35,"column":2}},"line":20}},"branchMap":{},"s":{"0":0,"1":0,"2":0},"f":{"0":0},"b":{}}
,"/Users/JimBarrows/projects.nosync/SavageWorldsVirtualTableTop/ui-web/src/components/layout/Header.jsx": {"path":"/Users/JimBarrows/projects.nosync/SavageWorldsVirtualTableTop/ui-web/src/components/layout/Header.jsx","statementMap":{"0":{"start":{"line":9,"column":19},"end":{"line":9,"column":32}},"1":{"start":{"line":10,"column":27},"end":{"line":10,"column":36}},"2":{"start":{"line":12,"column":23},"end":{"line":14,"column":3}},"3":{"start":{"line":13,"column":4},"end":{"line":13,"column":18}},"4":{"start":{"line":17,"column":33},"end":{"line":31,"column":3}},"5":{"start":{"line":20,"column":18},"end":{"line":20,"column":54}},"6":{"start":{"line":21,"column":4},"end":{"line":29,"column":5}},"7":{"start":{"line":23,"column":21},"end":{"line":23,"column":69}},"8":{"start":{"line":24,"column":6},"end":{"line":28,"column":7}},"9":{"start":{"line":25,"column":8},"end":{"line":27,"column":9}},"10":{"start":{"line":26,"column":10},"end":{"line":26,"column":22}},"11":{"start":{"line":30,"column":4},"end":{"line":30,"column":17}},"12":{"start":{"line":33,"column":23},"end":{"line":59,"column":3}},"13":{"start":{"line":34,"column":4},"end":{"line":58,"column":5}},"14":{"start":{"line":36,"column":32},"end":{"line":36,"column":56}},"15":{"start":{"line":38,"column":6},"end":{"line":43,"column":7}},"16":{"start":{"line":39,"column":26},"end":{"line":39,"column":102}},"17":{"start":{"line":40,"column":8},"end":{"line":42,"column":9}},"18":{"start":{"line":41,"column":10},"end":{"line":41,"column":17}},"19":{"start":{"line":45,"column":6},"end":{"line":45,"column":21}},"20":{"start":{"line":48,"column":6},"end":{"line":53,"column":9}},"21":{"start":{"line":55,"column":6},"end":{"line":55,"column":54}},"22":{"start":{"line":57,"column":6},"end":{"line":57,"column":25}},"23":{"start":{"line":61,"column":2},"end":{"line":85,"column":4}},"24":{"start":{"line":88,"column":0},"end":{"line":90,"column":2}}},"fnMap":{"0":{"name":"Header","decl":{"start":{"line":8,"column":24},"end":{"line":8,"column":30}},"loc":{"start":{"line":8,"column":39},"end":{"line":86,"column":1}},"line":8},"1":{"name":"(anonymous_1)","decl":{"start":{"line":12,"column":23},"end":{"line":12,"column":24}},"loc":{"start":{"line":12,"column":29},"end":{"line":14,"column":3}},"line":12},"2":{"name":"(anonymous_2)","decl":{"start":{"line":17,"column":33},"end":{"line":17,"column":34}},"loc":{"start":{"line":17,"column":61},"end":{"line":31,"column":3}},"line":17},"3":{"name":"(anonymous_3)","decl":{"start":{"line":33,"column":23},"end":{"line":33,"column":24}},"loc":{"start":{"line":33,"column":35},"end":{"line":59,"column":3}},"line":33}},"branchMap":{"0":{"loc":{"start":{"line":17,"column":34},"end":{"line":17,"column":56}},"type":"default-arg","locations":[{"start":{"line":17,"column":48},"end":{"line":17,"column":56}}],"line":17},"1":{"loc":{"start":{"line":25,"column":8},"end":{"line":27,"column":9}},"type":"if","locations":[{"start":{"line":25,"column":8},"end":{"line":27,"column":9}},{"start":{},"end":{}}],"line":25},"2":{"loc":{"start":{"line":38,"column":6},"end":{"line":43,"column":7}},"type":"if","locations":[{"start":{"line":38,"column":6},"end":{"line":43,"column":7}},{"start":{},"end":{}}],"line":38},"3":{"loc":{"start":{"line":40,"column":8},"end":{"line":42,"column":9}},"type":"if","locations":[{"start":{"line":40,"column":8},"end":{"line":42,"column":9}},{"start":{},"end":{}}],"line":40},"4":{"loc":{"start":{"line":68,"column":9},"end":{"line":82,"column":9}},"type":"binary-expr","locations":[{"start":{"line":68,"column":9},"end":{"line":68,"column":13}},{"start":{"line":69,"column":10},"end":{"line":81,"column":13}}],"line":68},"5":{"loc":{"start":{"line":71,"column":24},"end":{"line":71,"column":51}},"type":"binary-expr","locations":[{"start":{"line":71,"column":24},"end":{"line":71,"column":34}},{"start":{"line":71,"column":38},"end":{"line":71,"column":51}}],"line":71}},"s":{"0":0,"1":0,"2":0,"3":0,"4":0,"5":0,"6":0,"7":0,"8":0,"9":0,"10":0,"11":0,"12":0,"13":0,"14":0,"15":0,"16":0,"17":0,"18":0,"19":0,"20":0,"21":0,"22":0,"23":0,"24":0},"f":{"0":0,"1":0,"2":0,"3":0},"b":{"0":[0],"1":[0,0],"2":[0,0],"3":[0,0],"4":[0,0],"5":[0,0]}}
,"/Users/JimBarrows/projects.nosync/SavageWorldsVirtualTableTop/ui-web/src/components/plotpoint/editor/BasicRules.jsx": {"path":"/Users/JimBarrows/projects.nosync/SavageWorldsVirtualTableTop/ui-web/src/components/plotpoint/editor/BasicRules.jsx","statementMap":{"0":{"start":{"line":7,"column":20},"end":{"line":16,"column":2}},"1":{"start":{"line":18,"column":23},"end":{"line":25,"column":2}},"2":{"start":{"line":27,"column":32},"end":{"line":27,"column":154}},"3":{"start":{"line":27,"column":37},"end":{"line":27,"column":154}},"4":{"start":{"line":28,"column":32},"end":{"line":28,"column":154}},"5":{"start":{"line":28,"column":37},"end":{"line":28,"column":154}},"6":{"start":{"line":29,"column":32},"end":{"line":29,"column":154}},"7":{"start":{"line":29,"column":37},"end":{"line":29,"column":154}},"8":{"start":{"line":30,"column":32},"end":{"line":30,"column":150}},"9":{"start":{"line":30,"column":37},"end":{"line":30,"column":150}},"10":{"start":{"line":33,"column":25},"end":{"line":33,"column":35}},"11":{"start":{"line":34,"column":25},"end":{"line":34,"column":53}},"12":{"start":{"line":35,"column":2},"end":{"line":51,"column":3}}},"fnMap":{"0":{"name":"(anonymous_0)","decl":{"start":{"line":27,"column":32},"end":{"line":27,"column":33}},"loc":{"start":{"line":27,"column":37},"end":{"line":27,"column":154}},"line":27},"1":{"name":"(anonymous_1)","decl":{"start":{"line":28,"column":32},"end":{"line":28,"column":33}},"loc":{"start":{"line":28,"column":37},"end":{"line":28,"column":154}},"line":28},"2":{"name":"(anonymous_2)","decl":{"start":{"line":29,"column":32},"end":{"line":29,"column":33}},"loc":{"start":{"line":29,"column":37},"end":{"line":29,"column":154}},"line":29},"3":{"name":"(anonymous_3)","decl":{"start":{"line":30,"column":32},"end":{"line":30,"column":33}},"loc":{"start":{"line":30,"column":37},"end":{"line":30,"column":150}},"line":30},"4":{"name":"(anonymous_4)","decl":{"start":{"line":32,"column":1},"end":{"line":32,"column":2}},"loc":{"start":{"line":32,"column":11},"end":{"line":52,"column":2}},"line":32}},"branchMap":{},"s":{"0":0,"1":0,"2":0,"3":0,"4":0,"5":0,"6":0,"7":0,"8":0,"9":0,"10":0,"11":0,"12":0},"f":{"0":0,"1":0,"2":0,"3":0,"4":0},"b":{}}
,"/Users/JimBarrows/projects.nosync/SavageWorldsVirtualTableTop/ui-web/src/components/plotpoint/editor/Navigation.jsx": {"path":"/Users/JimBarrows/projects.nosync/SavageWorldsVirtualTableTop/ui-web/src/components/plotpoint/editor/Navigation.jsx","statementMap":{"0":{"start":{"line":8,"column":23},"end":{"line":8,"column":25}},"1":{"start":{"line":10,"column":20},"end":{"line":13,"column":2}},"2":{"start":{"line":15,"column":9},"end":{"line":17,"column":2}},"3":{"start":{"line":19,"column":14},"end":{"line":22,"column":2}},"4":{"start":{"line":19,"column":24},"end":{"line":22,"column":2}},"5":{"start":{"line":20,"column":2},"end":{"line":20,"column":31}},"6":{"start":{"line":21,"column":2},"end":{"line":21,"column":36}},"7":{"start":{"line":25,"column":21},"end":{"line":25,"column":31}},"8":{"start":{"line":26,"column":21},"end":{"line":26,"column":39}},"9":{"start":{"line":27,"column":2},"end":{"line":48,"column":10}}},"fnMap":{"0":{"name":"(anonymous_0)","decl":{"start":{"line":19,"column":14},"end":{"line":19,"column":15}},"loc":{"start":{"line":19,"column":24},"end":{"line":22,"column":2}},"line":19},"1":{"name":"(anonymous_1)","decl":{"start":{"line":19,"column":24},"end":{"line":19,"column":25}},"loc":{"start":{"line":19,"column":30},"end":{"line":22,"column":2}},"line":19},"2":{"name":"(anonymous_2)","decl":{"start":{"line":24,"column":1},"end":{"line":24,"column":2}},"loc":{"start":{"line":24,"column":11},"end":{"line":170,"column":2}},"line":24}},"branchMap":{"0":{"loc":{"start":{"line":29,"column":11},"end":{"line":29,"column":68}},"type":"cond-expr","locations":[{"start":{"line":29,"column":48},"end":{"line":29,"column":56}},{"start":{"line":29,"column":59},"end":{"line":29,"column":68}}],"line":29},"1":{"loc":{"start":{"line":31,"column":11},"end":{"line":31,"column":70}},"type":"cond-expr","locations":[{"start":{"line":31,"column":50},"end":{"line":31,"column":58}},{"start":{"line":31,"column":61},"end":{"line":31,"column":70}}],"line":31},"2":{"loc":{"start":{"line":33,"column":11},"end":{"line":33,"column":64}},"type":"cond-expr","locations":[{"start":{"line":33,"column":44},"end":{"line":33,"column":52}},{"start":{"line":33,"column":55},"end":{"line":33,"column":64}}],"line":33},"3":{"loc":{"start":{"line":35,"column":11},"end":{"line":35,"column":63}},"type":"cond-expr","locations":[{"start":{"line":35,"column":43},"end":{"line":35,"column":51}},{"start":{"line":35,"column":54},"end":{"line":35,"column":63}}],"line":35},"4":{"loc":{"start":{"line":37,"column":11},"end":{"line":37,"column":68}},"type":"cond-expr","locations":[{"start":{"line":37,"column":48},"end":{"line":37,"column":56}},{"start":{"line":37,"column":59},"end":{"line":37,"column":68}}],"line":37},"5":{"loc":{"start":{"line":39,"column":11},"end":{"line":39,"column":62}},"type":"cond-expr","locations":[{"start":{"line":39,"column":42},"end":{"line":39,"column":50}},{"start":{"line":39,"column":53},"end":{"line":39,"column":62}}],"line":39},"6":{"loc":{"start":{"line":41,"column":11},"end":{"line":41,"column":64}},"type":"cond-expr","locations":[{"start":{"line":41,"column":44},"end":{"line":41,"column":52}},{"start":{"line":41,"column":55},"end":{"line":41,"column":64}}],"line":41},"7":{"loc":{"start":{"line":43,"column":11},"end":{"line":43,"column":63}},"type":"cond-expr","locations":[{"start":{"line":43,"column":43},"end":{"line":43,"column":51}},{"start":{"line":43,"column":54},"end":{"line":43,"column":63}}],"line":43},"8":{"loc":{"start":{"line":45,"column":11},"end":{"line":45,"column":64}},"type":"cond-expr","locations":[{"start":{"line":45,"column":44},"end":{"line":45,"column":52}},{"start":{"line":45,"column":55},"end":{"line":45,"column":64}}],"line":45},"9":{"loc":{"start":{"line":47,"column":11},"end":{"line":47,"column":68}},"type":"cond-expr","locations":[{"start":{"line":47,"column":48},"end":{"line":47,"column":56}},{"start":{"line":47,"column":59},"end":{"line":47,"column":68}}],"line":47}},"s":{"0":0,"1":0,"2":0,"3":0,"4":0,"5":0,"6":0,"7":0,"8":0,"9":0},"f":{"0":0,"1":0,"2":0},"b":{"0":[0,0],"1":[0,0],"2":[0,0],"3":[0,0],"4":[0,0],"5":[0,0],"6":[0,0],"7":[0,0],"8":[0,0],"9":[0,0]}}
[...]
ne":120,"column":54}},"type":"binary-expr","locations":[{"start":{"line":120,"column":6},"end":{"line":120,"column":31}},{"start":{"line":120,"column":35},"end":{"line":120,"column":54}}],"line":120},"14":{"loc":{"start":{"line":138,"column":6},"end":{"line":144,"column":7}},"type":"if","locations":[{"start":{"line":138,"column":6},"end":{"line":144,"column":7}},{"start":{"line":140,"column":13},"end":{"line":144,"column":7}}],"line":138},"15":{"loc":{"start":{"line":138,"column":10},"end":{"line":138,"column":64}},"type":"binary-expr","locations":[{"start":{"line":138,"column":10},"end":{"line":138,"column":31}},{"start":{"line":138,"column":35},"end":{"line":138,"column":64}}],"line":138},"16":{"loc":{"start":{"line":140,"column":13},"end":{"line":144,"column":7}},"type":"if","locations":[{"start":{"line":140,"column":13},"end":{"line":144,"column":7}},{"start":{"line":142,"column":13},"end":{"line":144,"column":7}}],"line":140},"17":{"loc":{"start":{"line":155,"column":11},"end":{"line":157,"column":43}},"type":"binary-expr","locations":[{"start":{"line":155,"column":11},"end":{"line":155,"column":43}},{"start":{"line":156,"column":11},"end":{"line":156,"column":48}},{"start":{"line":157,"column":11},"end":{"line":157,"column":43}}],"line":155},"18":{"loc":{"start":{"line":168,"column":17},"end":{"line":168,"column":66}},"type":"cond-expr","locations":[{"start":{"line":168,"column":50},"end":{"line":168,"column":58}},{"start":{"line":168,"column":61},"end":{"line":168,"column":66}}],"line":168},"19":{"loc":{"start":{"line":171,"column":22},"end":{"line":172,"column":74}},"type":"cond-expr","locations":[{"start":{"line":172,"column":8},"end":{"line":172,"column":41}},{"start":{"line":172,"column":44},"end":{"line":172,"column":74}}],"line":171},"20":{"loc":{"start":{"line":197,"column":20},"end":{"line":197,"column":50}},"type":"binary-expr","locations":[{"start":{"line":197,"column":20},"end":{"line":197,"column":45}},{"start":{"line":197,"column":49},"end":{"line":197,"column":50}}],"line":197},"21":{"loc":{"start":{"line":199,"column":4},"end":{"line":201,"column":5}},"type":"if","locations":[{"start":{"line":199,"column":4},"end":{"line":201,"column":5}},{"start":{},"end":{}}],"line":199},"22":{"loc":{"start":{"line":203,"column":4},"end":{"line":205,"column":5}},"type":"if","locations":[{"start":{"line":203,"column":4},"end":{"line":205,"column":5}},{"start":{},"end":{}}],"line":203},"23":{"loc":{"start":{"line":215,"column":20},"end":{"line":215,"column":50}},"type":"binary-expr","locations":[{"start":{"line":215,"column":20},"end":{"line":215,"column":45}},{"start":{"line":215,"column":49},"end":{"line":215,"column":50}}],"line":215},"24":{"loc":{"start":{"line":217,"column":4},"end":{"line":219,"column":5}},"type":"if","locations":[{"start":{"line":217,"column":4},"end":{"line":219,"column":5}},{"start":{},"end":{}}],"line":217},"25":{"loc":{"start":{"line":217,"column":8},"end":{"line":217,"column":79}},"type":"binary-expr","locations":[{"start":{"line":217,"column":8},"end":{"line":217,"column":38}},{"start":{"line":217,"column":42},"end":{"line":217,"column":79}}],"line":217},"26":{"loc":{"start":{"line":229,"column":4},"end":{"line":236,"column":5}},"type":"if","locations":[{"start":{"line":229,"column":4},"end":{"line":236,"column":5}},{"start":{},"end":{}}],"line":229},"27":{"loc":{"start":{"line":234,"column":17},"end":{"line":234,"column":99}},"type":"cond-expr","locations":[{"start":{"line":234,"column":49},"end":{"line":234,"column":72}},{"start":{"line":234,"column":75},"end":{"line":234,"column":99}}],"line":234},"28":{"loc":{"start":{"line":238,"column":4},"end":{"line":246,"column":5}},"type":"if","locations":[{"start":{"line":238,"column":4},"end":{"line":246,"column":5}},{"start":{},"end":{}}],"line":238},"29":{"loc":{"start":{"line":240,"column":14},"end":{"line":240,"column":67}},"type":"cond-expr","locations":[{"start":{"line":240,"column":45},"end":{"line":240,"column":53}},{"start":{"line":240,"column":56},"end":{"line":240,"column":67}}],"line":240},"30":{"loc":{"start":{"line":243,"column":17},"end":{"line":243,"column":91}},"type":"cond-expr","locations":[{"start":{"line":243,"column":49},"end":{"line":243,"column":64}},{"start":{"line":243,"column":67},"end":{"line":243,"column":91}}],"line":243},"31":{"loc":{"start":{"line":248,"column":4},"end":{"line":264,"column":5}},"type":"if","locations":[{"start":{"line":248,"column":4},"end":{"line":264,"column":5}},{"start":{},"end":{}}],"line":248},"32":{"loc":{"start":{"line":249,"column":6},"end":{"line":263,"column":7}},"type":"if","locations":[{"start":{"line":249,"column":6},"end":{"line":263,"column":7}},{"start":{"line":256,"column":13},"end":{"line":263,"column":7}}],"line":249}},"s":{"0":0,"1":0,"2":0,"3":0,"4":0,"5":0,"6":0,"7":0,"8":0,"9":0,"10":0,"11":0,"12":0,"13":0,"14":0,"15":0,"16":0,"17":0,"18":0,"19":0,"20":0,"21":0,"22":0,"23":0,"24":0,"25":0,"26":0,"27":0,"28":0,"29":0,"30":0,"31":0,"32":0,"33":0,"34":0,"35":0,"36":0,"37":0,"38":0,"39":0,"40":0,"41":0,"42":0,"43":0,"44":0,"45":0,"46":0,"47":0,"48":0,"49":0,"50":0,"51":0,"52":0,"53":0,"54":0,"55":0,"56":0,"57":0,"58":0,"59":0,"60":0,"61":0},"f":{"0":0,"1":0,"2":0,"3":0,"4":0,"5":0,"6":0,"7":0,"8":0,"9":0,"10":0,"11":0,"12":0,"13":0,"14":0,"15":0,"16":0,"17":0,"18":0,"19":0,"20":0,"21":0,"22":0,"23":0},"b":{"0":[0,0],"1":[0,0],"2":[0,0],"3":[0,0],"4":[0,0],"5":[0,0],"6":[0,0,0],"7":[0,0],"8":[0,0],"9":[0,0],"10":[0,0],"11":[0,0],"12":[0,0,0,0,0,0],"13":[0,0],"14":[0,0],"15":[0,0],"16":[0,0],"17":[0,0,0],"18":[0,0],"19":[0,0],"20":[0,0],"21":[0,0],"22":[0,0],"23":[0,0],"24":[0,0],"25":[0,0],"26":[0,0],"27":[0,0],"28":[0,0],"29":[0,0],"30":[0,0],"31":[0,0],"32":[0,0]}}
,"/Users/JimBarrows/projects.nosync/SavageWorldsVirtualTableTop/ui-web/src/utils/tokenUtils.js": {"path":"/Users/JimBarrows/projects.nosync/SavageWorldsVirtualTableTop/ui-web/src/utils/tokenUtils.js","statementMap":{"0":{"start":{"line":2,"column":34},"end":{"line":2,"column":53}},"1":{"start":{"line":3,"column":34},"end":{"line":3,"column":58}},"2":{"start":{"line":4,"column":24},"end":{"line":4,"column":36}},"3":{"start":{"line":10,"column":33},"end":{"line":12,"column":1}},"4":{"start":{"line":11,"column":2},"end":{"line":11,"column":63}},"5":{"start":{"line":18,"column":33},"end":{"line":21,"column":1}},"6":{"start":{"line":19,"column":15},"end":{"line":19,"column":52}},"7":{"start":{"line":20,"column":2},"end":{"line":20,"column":25}},"8":{"start":{"line":26,"column":35},"end":{"line":28,"column":1}},"9":{"start":{"line":27,"column":2},"end":{"line":27,"column":43}},"10":{"start":{"line":34,"column":35},"end":{"line":36,"column":1}},"11":{"start":{"line":35,"column":2},"end":{"line":35,"column":29}},"12":{"start":{"line":43,"column":25},"end":{"line":57,"column":1}},"13":{"start":{"line":44,"column":2},"end":{"line":56,"column":3}},"14":{"start":{"line":45,"column":4},"end":{"line":45,"column":28}},"15":{"start":{"line":45,"column":16},"end":{"line":45,"column":28}},"16":{"start":{"line":47,"column":18},"end":{"line":47,"column":34}},"17":{"start":{"line":48,"column":4},"end":{"line":48,"column":40}},"18":{"start":{"line":48,"column":28},"end":{"line":48,"column":40}},"19":{"start":{"line":50,"column":20},"end":{"line":50,"column":28}},"20":{"start":{"line":51,"column":20},"end":{"line":51,"column":45}},"21":{"start":{"line":52,"column":4},"end":{"line":52,"column":19}},"22":{"start":{"line":54,"column":4},"end":{"line":54,"column":48}},"23":{"start":{"line":55,"column":4},"end":{"line":55,"column":16}},"24":{"start":{"line":65,"column":34},"end":{"line":76,"column":1}},"25":{"start":{"line":67,"column":18},"end":{"line":67,"column":41}},"26":{"start":{"line":68,"column":2},"end":{"line":70,"column":3}},"27":{"start":{"line":69,"column":4},"end":{"line":69,"column":30}},"28":{"start":{"line":73,"column":22},"end":{"line":73,"column":32}},"29":{"start":{"line":74,"column":19},"end":{"line":74,"column":87}},"30":{"start":{"line":75,"column":2},"end":{"line":75,"column":32}},"31":{"start":{"line":83,"column":30},"end":{"line":86,"column":1}},"32":{"start":{"line":84,"column":2},"end":{"line":84,"column":31}},"33":{"start":{"line":84,"column":19},"end":{"line":84,"column":31}},"34":{"start":{"line":85,"column":2},"end":{"line":85,"column":34}},"35":{"start":{"line":92,"column":32},"end":{"line":94,"column":1}},"36":{"start":{"line":93,"column":2},"end":{"line":93,"column":61}},"37":{"start":{"line":100,"column":36},"end":{"line":103,"column":1}},"38":{"start":{"line":101,"column":17},"end":{"line":101,"column":52}},"39":{"start":{"line":102,"column":2},"end":{"line":102,"column":46}},"40":{"start":{"line":108,"column":38},"end":{"line":110,"column":1}},"41":{"start":{"line":109,"column":2},"end":{"line":109,"column":41}}},"fnMap":{"0":{"name":"(anonymous_0)","decl":{"start":{"line":10,"column":33},"end":{"line":10,"column":34}},"loc":{"start":{"line":10,"column":49},"end":{"line":12,"column":1}},"line":10},"1":{"name":"(anonymous_1)","decl":{"start":{"line":18,"column":33},"end":{"line":18,"column":34}},"loc":{"start":{"line":18,"column":39},"end":{"line":21,"column":1}},"line":18},"2":{"name":"(anonymous_2)","decl":{"start":{"line":26,"column":35},"end":{"line":26,"column":36}},"loc":{"start":{"line":26,"column":41},"end":{"line":28,"column":1}},"line":26},"3":{"name":"(anonymous_3)","decl":{"start":{"line":34,"column":35},"end":{"line":34,"column":36}},"loc":{"start":{"line":34,"column":41},"end":{"line":36,"column":1}},"line":34},"4":{"name":"(anonymous_4)","decl":{"start":{"line":43,"column":25},"end":{"line":43,"column":26}},"loc":{"start":{"line":43,"column":36},"end":{"line":57,"column":1}},"line":43},"5":{"name":"(anonymous_5)","decl":{"start":{"line":65,"column":34},"end":{"line":65,"column":35}},"loc":{"start":{"line":65,"column":59},"end":{"line":76,"column":1}},"line":65},"6":{"name":"(anonymous_6)","decl":{"start":{"line":83,"column":30},"end":{"line":83,"column":31}},"loc":{"start":{"line":83,"column":46},"end":{"line":86,"column":1}},"line":83},"7":{"name":"(anonymous_7)","decl":{"start":{"line":92,"column":32},"end":{"line":92,"column":33}},"loc":{"start":{"line":92,"column":48},"end":{"line":94,"column":1}},"line":92},"8":{"name":"(anonymous_8)","decl":{"start":{"line":100,"column":36},"end":{"line":100,"column":37}},"loc":{"start":{"line":100,"column":42},"end":{"line":103,"column":1}},"line":100},"9":{"name":"(anonymous_9)","decl":{"start":{"line":108,"column":38},"end":{"line":108,"column":39}},"loc":{"start":{"line":108,"column":44},"end":{"line":110,"column":1}},"line":108}},"branchMap":{"0":{"loc":{"start":{"line":45,"column":4},"end":{"line":45,"column":28}},"type":"if","locations":[{"start":{"line":45,"column":4},"end":{"line":45,"column":28}},{"start":{},"end":{}}],"line":45},"1":{"loc":{"start":{"line":48,"column":4},"end":{"line":48,"column":40}},"type":"if","locations":[{"start":{"line":48,"column":4},"end":{"line":48,"column":40}},{"start":{},"end":{}}],"line":48},"2":{"loc":{"start":{"line":68,"column":2},"end":{"line":70,"column":3}},"type":"if","locations":[{"start":{"line":68,"column":2},"end":{"line":70,"column":3}},{"start":{},"end":{}}],"line":68},"3":{"loc":{"start":{"line":68,"column":6},"end":{"line":68,"column":28}},"type":"binary-expr","locations":[{"start":{"line":68,"column":6},"end":{"line":68,"column":13}},{"start":{"line":68,"column":17},"end":{"line":68,"column":28}}],"line":68},"4":{"loc":{"start":{"line":74,"column":19},"end":{"line":74,"column":87}},"type":"cond-expr","locations":[{"start":{"line":74,"column":34},"end":{"line":74,"column":59}},{"start":{"line":74,"column":62},"end":{"line":74,"column":87}}],"line":74},"5":{"loc":{"start":{"line":84,"column":2},"end":{"line":84,"column":31}},"type":"if","locations":[{"start":{"line":84,"column":2},"end":{"line":84,"column":31}},{"start":{},"end":{}}],"line":84},"6":{"loc":{"start":{"line":102,"column":9},"end":{"line":102,"column":45}},"type":"cond-expr","locations":[{"start":{"line":102,"column":18},"end":{"line":102,"column":38}},{"start":{"line":102,"column":41},"end":{"line":102,"column":45}}],"line":102}},"s":{"0":0,"1":0,"2":0,"3":0,"4":0,"5":0,"6":0,"7":0,"8":0,"9":0,"10":0,"11":0,"12":0,"13":0,"14":0,"15":0,"16":0,"17":0,"18":0,"19":0,"20":0,"21":0,"22":0,"23":0,"24":0,"25":0,"26":0,"27":0,"28":0,"29":0,"30":0,"31":0,"32":0,"33":0,"34":0,"35":0,"36":0,"37":0,"38":0,"39":0,"40":0,"41":0},"f":{"0":0,"1":0,"2":0,"3":0,"4":0,"5":0,"6":0,"7":0,"8":0,"9":0},"b":{"0":[0,0],"1":[0,0],"2":[0,0],"3":[0,0],"4":[0,0],"5":[0,0],"6":[0,0]}}
,"/Users/JimBarrows/projects.nosync/SavageWorldsVirtualTableTop/ui-web/src/utils/validation.js": {"path":"/Users/JimBarrows/projects.nosync/SavageWorldsVirtualTableTop/ui-web/src/utils/validation.js","statementMap":{"0":{"start":{"line":1,"column":29},"end":{"line":4,"column":1}},"1":{"start":{"line":2,"column":21},"end":{"line":2,"column":49}},"2":{"start":{"line":3,"column":2},"end":{"line":3,"column":31}},"3":{"start":{"line":6,"column":32},"end":{"line":23,"column":1}},"4":{"start":{"line":7,"column":2},"end":{"line":9,"column":3}},"5":{"start":{"line":8,"column":4},"end":{"line":8,"column":56}},"6":{"start":{"line":10,"column":2},"end":{"line":12,"column":3}},"7":{"start":{"line":11,"column":4},"end":{"line":11,"column":64}},"8":{"start":{"line":13,"column":2},"end":{"line":15,"column":3}},"9":{"start":{"line":14,"column":4},"end":{"line":14,"column":64}},"10":{"start":{"line":16,"column":2},"end":{"line":18,"column":3}},"11":{"start":{"line":17,"column":4},"end":{"line":17,"column":54}},"12":{"start":{"line":19,"column":2},"end":{"line":21,"column":3}},"13":{"start":{"line":20,"column":4},"end":{"line":20,"column":65}},"14":{"start":{"line":22,"column":2},"end":{"line":22,"column":13}},"15":{"start":{"line":25,"column":32},"end":{"line":39,"column":1}},"16":{"start":{"line":26,"column":2},"end":{"line":28,"column":3}},"17":{"start":{"line":27,"column":4},"end":{"line":27,"column":33}},"18":{"start":{"line":29,"column":2},"end":{"line":31,"column":3}},"19":{"start":{"line":30,"column":4},"end":{"line":30,"column":56}},"20":{"start":{"line":32,"column":2},"end":{"line":34,"column":3}},"21":{"start":{"line":33,"column":4},"end":{"line":33,"column":61}},"22":{"start":{"line":35,"column":2},"end":{"line":37,"column":3}},"23":{"start":{"line":36,"column":4},"end":{"line":36,"column":81}},"24":{"start":{"line":38,"column":2},"end":{"line":38,"column":13}},"25":{"start":{"line":41,"column":34},"end":{"line":60,"column":1}},"26":{"start":{"line":42,"column":17},"end":{"line":42,"column":19}},"27":{"start":{"line":44,"column":2},"end":{"line":48,"column":3}},"28":{"start":{"line":45,"column":4},"end":{"line":45,"column":38}},"29":{"start":{"line":46,"column":9},"end":{"line":48,"column":3}},"30":{"start":{"line":47,"column":4},"end":{"line":47,"column":55}},"31":{"start":{"line":50,"column":29},"end":{"line":50,"column":64}},"32":{"start":{"line":51,"column":2},"end":{"line":53,"column":3}},"33":{"start":{"line":52,"column":4},"end":{"line":52,"column":40}},"34":{"start":{"line":55,"column":2},"end":{"line":57,"column":3}},"35":{"start":{"line":56,"column":4},"end":{"line":56,"column":53}},"36":{"start":{"line":59,"column":2},"end":{"line":59,"column":15}}},"fnMap":{"0":{"name":"(anonymous_0)","decl":{"start":{"line":1,"column":29},"end":{"line":1,"column":30}},"loc":{"start":{"line":1,"column":40},"end":{"line":4,"column":1}},"line":1},"1":{"name":"(anonymous_1)","decl":{"start":{"line":6,"column":32},"end":{"line":6,"column":33}},"loc":{"start":{"line":6,"column":46},"end":{"line":23,"column":1}},"line":6},"2":{"name":"(anonymous_2)","decl":{"start":{"line":25,"column":32},"end":{"line":25,"column":33}},"loc":{"start":{"line":25,"column":46},"end":{"line":39,"column":1}},"line":25},"3":{"name":"(anonymous_3)","decl":{"start":{"line":41,"column":34},"end":{"line":41,"column":35}},"loc":{"start":{"line":41,"column":48},"end":{"line":60,"column":1}},"line":41}},"branchMap":{"0":{"loc":{"start":{"line":7,"column":2},"end":{"line":9,"column":3}},"type":"if","locations":[{"start":{"line":7,"column":2},"end":{"line":9,"column":3}},{"start":{},"end":{}}],"line":7},"1":{"loc":{"start":{"line":10,"column":2},"end":{"line":12,"column":3}},"type":"if","locations":[{"start":{"line":10,"column":2},"end":{"line":12,"column":3}},{"start":{},"end":{}}],"line":10},"2":{"loc":{"start":{"line":13,"column":2},"end":{"line":15,"column":3}},"type":"if","locations":[{"start":{"line":13,"column":2},"end":{"line":15,"column":3}},{"start":{},"end":{}}],"line":13},"3":{"loc":{"start":{"line":16,"column":2},"end":{"line":18,"column":3}},"type":"if","locations":[{"start":{"line":16,"column":2},"end":{"line":18,"column":3}},{"start":{},"end":{}}],"line":16},"4":{"loc":{"start":{"line":19,"column":2},"end":{"line":21,"column":3}},"type":"if","locations":[{"start":{"line":19,"column":2},"end":{"line":21,"column":3}},{"start":{},"end":{}}],"line":19},"5":{"loc":{"start":{"line":26,"column":2},"end":{"line":28,"column":3}},"type":"if","locations":[{"start":{"line":26,"column":2},"end":{"line":28,"column":3}},{"start":{},"end":{}}],"line":26},"6":{"loc":{"start":{"line":29,"column":2},"end":{"line":31,"column":3}},"type":"if","locations":[{"start":{"line":29,"column":2},"end":{"line":31,"column":3}},{"start":{},"end":{}}],"line":29},"7":{"loc":{"start":{"line":32,"column":2},"end":{"line":34,"column":3}},"type":"if","locations":[{"start":{"line":32,"column":2},"end":{"line":34,"column":3}},{"start":{},"end":{}}],"line":32},"8":{"loc":{"start":{"line":35,"column":2},"end":{"line":37,"column":3}},"type":"if","locations":[{"start":{"line":35,"column":2},"end":{"line":37,"column":3}},{"start":{},"end":{}}],"line":35},"9":{"loc":{"start":{"line":44,"column":2},"end":{"line":48,"column":3}},"type":"if","locations":[{"start":{"line":44,"column":2},"end":{"line":48,"column":3}},{"start":{"line":46,"column":9},"end":{"line":48,"column":3}}],"line":44},"10":{"loc":{"start":{"line":46,"column":9},"end":{"line":48,"column":3}},"type":"if","locations":[{"start":{"line":46,"column":9},"end":{"line":48,"column":3}},{"start":{},"end":{}}],"line":46},"11":{"loc":{"start":{"line":51,"column":2},"end":{"line":53,"column":3}},"type":"if","locations":[{"start":{"line":51,"column":2},"end":{"line":53,"column":3}},{"start":{},"end":{}}],"line":51},"12":{"loc":{"start":{"line":55,"column":2},"end":{"line":57,"column":3}},"type":"if","locations":[{"start":{"line":55,"column":2},"end":{"line":57,"column":3}},{"start":{},"end":{}}],"line":55}},"s":{"0":0,"1":0,"2":0,"3":0,"4":0,"5":0,"6":0,"7":0,"8":0,"9":0,"10":0,"11":0,"12":0,"13":0,"14":0,"15":0,"16":0,"17":0,"18":0,"19":0,"20":0,"21":0,"22":0,"23":0,"24":0,"25":0,"26":0,"27":0,"28":0,"29":0,"30":0,"31":0,"32":0,"33":0,"34":0,"35":0,"36":0},"f":{"0":0,"1":0,"2":0,"3":0},"b":{"0":[0,0],"1":[0,0],"2":[0,0],"3":[0,0],"4":[0,0],"5":[0,0],"6":[0,0],"7":[0,0],"8":[0,0],"9":[0,0],"10":[0,0],"11":[0,0],"12":[0,0]}}
,"/Users/JimBarrows/projects.nosync/SavageWorldsVirtualTableTop/ui-web/src/utils/withRouter.js": {"path":"/Users/JimBarrows/projects.nosync/SavageWorldsVirtualTableTop/ui-web/src/utils/withRouter.js","statementMap":{"0":{"start":{"line":8,"column":21},"end":{"line":8,"column":34}},"1":{"start":{"line":9,"column":21},"end":{"line":9,"column":34}},"2":{"start":{"line":10,"column":19},"end":{"line":10,"column":30}},"3":{"start":{"line":12,"column":4},"end":{"line":20,"column":5}},"4":{"start":{"line":23,"column":2},"end":{"line":23,"column":32}}},"fnMap":{"0":{"name":"withRouter","decl":{"start":{"line":6,"column":16},"end":{"line":6,"column":26}},"loc":{"start":{"line":6,"column":38},"end":{"line":24,"column":1}},"line":6},"1":{"name":"ComponentWithRouterProp","decl":{"start":{"line":7,"column":11},"end":{"line":7,"column":34}},"loc":{"start":{"line":7,"column":42},"end":{"line":21,"column":3}},"line":7}},"branchMap":{},"s":{"0":0,"1":0,"2":0,"3":0,"4":0},"f":{"0":0,"1":0},"b":{}}
}
